Using pre-set license
Built from '2022.3/staging' branch; Version is '2022.3.19f1 (244b723c30a6) revision 2378610'; Using compiler version '192829333'; Build Type 'Release'
OS: 'Windows 11  (10.0.22631) 64bit CoreSingleLanguage' Language: 'pt' Physical Memory: 16110 MB
BatchMode: 1, IsHumanControllingUs: 0, StartBugReporterOnCrash: 0, Is64bit: 1, IsPro: 1

COMMAND LINE ARGUMENTS:
C:\Program Files\Unity\Hub\Editor\2022.3.19f1\Editor\Unity.exe
-adb2
-batchMode
-noUpm
-name
AssetImportWorker4
-projectPath
C:/Users/andre/Desktop/Criação de Jogos - Unity/Megaman
-logFile
Logs/AssetImportWorker4.log
-srvPort
60925
Successfully changed project path to: C:/Users/andre/Desktop/Criação de Jogos - Unity/Megaman
C:/Users/andre/Desktop/Criação de Jogos - Unity/Megaman
[UnityMemory] Configuration Parameters - Can be set up in boot.config
    "memorysetup-bucket-allocator-granularity=16"
    "memorysetup-bucket-allocator-bucket-count=8"
    "memorysetup-bucket-allocator-block-size=33554432"
    "memorysetup-bucket-allocator-block-count=8"
    "memorysetup-main-allocator-block-size=16777216"
    "memorysetup-thread-allocator-block-size=16777216"
    "memorysetup-gfx-main-allocator-block-size=16777216"
    "memorysetup-gfx-thread-allocator-block-size=16777216"
    "memorysetup-cache-allocator-block-size=4194304"
    "memorysetup-typetree-allocator-block-size=2097152"
    "memorysetup-profiler-bucket-allocator-granularity=16"
    "memorysetup-profiler-bucket-allocator-bucket-count=8"
    "memorysetup-profiler-bucket-allocator-block-size=33554432"
    "memorysetup-profiler-bucket-allocator-block-count=8"
    "memorysetup-profiler-allocator-block-size=16777216"
    "memorysetup-profiler-editor-allocator-block-size=1048576"
    "memorysetup-temp-allocator-size-main=16777216"
    "memorysetup-job-temp-allocator-block-size=2097152"
    "memorysetup-job-temp-allocator-block-size-background=1048576"
    "memorysetup-job-temp-allocator-reduction-small-platforms=262144"
    "memorysetup-allocator-temp-initial-block-size-main=262144"
    "memorysetup-allocator-temp-initial-block-size-worker=262144"
    "memorysetup-temp-allocator-size-background-worker=32768"
    "memorysetup-temp-allocator-size-job-worker=262144"
    "memorysetup-temp-allocator-size-preload-manager=33554432"
    "memorysetup-temp-allocator-size-nav-mesh-worker=65536"
    "memorysetup-temp-allocator-size-audio-worker=65536"
    "memorysetup-temp-allocator-size-cloud-worker=32768"
    "memorysetup-temp-allocator-size-gi-baking-worker=262144"
    "memorysetup-temp-allocator-size-gfx=262144"
Player connection [31708] Host "[IP] 192.168.1.9 [Port] 0 [Flags] 2 [Guid] 1856575174 [EditorId] 1856575174 [Version] 1048832 [Id] WindowsEditor(7,Dragon) [Debug] 1 [PackageName] WindowsEditor [ProjectName] Editor" joined multi-casting on [225.0.0.222:54997]...

Player connection [31708] Host "[IP] 192.168.1.9 [Port] 0 [Flags] 2 [Guid] 1856575174 [EditorId] 1856575174 [Version] 1048832 [Id] WindowsEditor(7,Dragon) [Debug] 1 [PackageName] WindowsEditor [ProjectName] Editor" joined alternative multi-casting on [225.0.0.222:34997]...

[Physics::Module] Initialized MultithreadedJobDispatcher with 15 workers.
Refreshing native plugins compatible for Editor in 1.76 ms, found 0 plugins.
Preloading 0 native plugins for Editor in 0.00 ms.
Initialize engine version: 2022.3.19f1 (244b723c30a6)
[Subsystems] Discovering subsystems at path C:/Program Files/Unity/Hub/Editor/2022.3.19f1/Editor/Data/Resources/UnitySubsystems
[Subsystems] Discovering subsystems at path C:/Users/andre/Desktop/Criação de Jogos - Unity/Megaman/Assets
GfxDevice: creating device client; threaded=0; jobified=0
Direct3D:
    Version:  Direct3D 11.0 [level 11.1]
    Renderer: NVIDIA GeForce RTX 3060 Laptop GPU (ID=0x2560)
    Vendor:   NVIDIA
    VRAM:     5996 MB
    Driver:   32.0.15.5612
Initialize mono
Mono path[0] = 'C:/Program Files/Unity/Hub/Editor/2022.3.19f1/Editor/Data/Managed'
Mono path[1] = 'C:/Program Files/Unity/Hub/Editor/2022.3.19f1/Editor/Data/MonoBleedingEdge/lib/mono/unityjit-win32'
Mono config path = 'C:/Program Files/Unity/Hub/Editor/2022.3.19f1/Editor/Data/MonoBleedingEdge/etc'
Using monoOptions --debugger-agent=transport=dt_socket,embedding=1,server=y,suspend=n,address=127.0.0.1:56380
Begin MonoManager ReloadAssembly
Registering precompiled unity dll's ...
Register platform support module: C:/Program Files/Unity/Hub/Editor/2022.3.19f1/Editor/Data/PlaybackEngines/WindowsStandaloneSupport/UnityEditor.WindowsStandalone.Extensions.dll
Registered in 0.005513 seconds.
- Loaded All Assemblies, in  0.271 seconds
Native extension for WindowsStandalone target not found
Mono: successfully reloaded assembly
- Finished resetting the current domain, in  0.190 seconds
Domain Reload Profiling: 460ms
	BeginReloadAssembly (90ms)
		ExecutionOrderSort (0ms)
		DisableScriptedObjects (0ms)
		BackupInstance (0ms)
		ReleaseScriptingObjects (0ms)
		CreateAndSetChildDomain (1ms)
	RebuildCommonClasses (26ms)
	RebuildNativeTypeToScriptingClass (8ms)
	initialDomainReloadingComplete (43ms)
	LoadAllAssembliesAndSetupDomain (102ms)
		LoadAssemblies (88ms)
		RebuildTransferFunctionScriptingTraits (0ms)
		AnalyzeDomain (101ms)
			TypeCache.Refresh (100ms)
				TypeCache.ScanAssembly (90ms)
			ScanForSourceGeneratedMonoScriptInfo (0ms)
			ResolveRequiredComponents (0ms)
	FinalizeReload (191ms)
		ReleaseScriptCaches (0ms)
		RebuildScriptCaches (0ms)
		SetupLoadedEditorAssemblies (147ms)
			LogAssemblyErrors (0ms)
			InitializePlatformSupportModulesInManaged (6ms)
			SetLoadedEditorAssemblies (5ms)
			RefreshPlugins (0ms)
			BeforeProcessingInitializeOnLoad (2ms)
			ProcessInitializeOnLoadAttributes (102ms)
			ProcessInitializeOnLoadMethodAttributes (33ms)
			AfterProcessingInitializeOnLoad (0ms)
			EditorAssembliesLoaded (0ms)
		ExecutionOrderSort2 (0ms)
		AwakeInstancesAfterBackupRestoration (0ms)
========================================================================
Worker process is ready to serve import requests
Begin MonoManager ReloadAssembly
- Loaded All Assemblies, in  0.297 seconds
Refreshing native plugins compatible for Editor in 0.65 ms, found 0 plugins.
Native extension for WindowsStandalone target not found
Mono: successfully reloaded assembly
- Finished resetting the current domain, in  0.277 seconds
Domain Reload Profiling: 573ms
	BeginReloadAssembly (110ms)
		ExecutionOrderSort (0ms)
		DisableScriptedObjects (4ms)
		BackupInstance (0ms)
		ReleaseScriptingObjects (0ms)
		CreateAndSetChildDomain (18ms)
	RebuildCommonClasses (25ms)
	RebuildNativeTypeToScriptingClass (12ms)
	initialDomainReloadingComplete (33ms)
	LoadAllAssembliesAndSetupDomain (115ms)
		LoadAssemblies (148ms)
		RebuildTransferFunctionScriptingTraits (0ms)
		AnalyzeDomain (31ms)
			TypeCache.Refresh (25ms)
				TypeCache.ScanAssembly (18ms)
			ScanForSourceGeneratedMonoScriptInfo (4ms)
			ResolveRequiredComponents (1ms)
	FinalizeReload (278ms)
		ReleaseScriptCaches (0ms)
		RebuildScriptCaches (0ms)
		SetupLoadedEditorAssemblies (179ms)
			LogAssemblyErrors (0ms)
			InitializePlatformSupportModulesInManaged (4ms)
			SetLoadedEditorAssemblies (2ms)
			RefreshPlugins (0ms)
			BeforeProcessingInitializeOnLoad (31ms)
			ProcessInitializeOnLoadAttributes (117ms)
			ProcessInitializeOnLoadMethodAttributes (20ms)
			AfterProcessingInitializeOnLoad (5ms)
			EditorAssembliesLoaded (0ms)
		ExecutionOrderSort2 (0ms)
		AwakeInstancesAfterBackupRestoration (5ms)
Launched and connected shader compiler UnityShaderCompiler.exe after 0.04 seconds
Refreshing native plugins compatible for Editor in 1.02 ms, found 0 plugins.
Preloading 0 native plugins for Editor in 0.00 ms.
Unloading 1125 Unused Serialized files (Serialized files now loaded: 0)
Unloading 20 unused Assets / (52.5 KB). Loaded Objects now: 1602.
Memory consumption went from 76.7 MB to 76.7 MB.
Total: 2.737200 ms (FindLiveObjects: 0.118800 ms CreateObjectMapping: 0.019200 ms MarkObjects: 2.514700 ms  DeleteObjects: 0.082800 ms)

AssetImportParameters requested are different than current active one (requested -> active):
  custom:video-encoder-webm-vp8: eb34c28f22e8b96e1ab97ce403110664 -> 
  custom:video-decoder-webm-vp8: 9c59270c3fd7afecdb556c50c9e8de78 -> 
  custom:audio-decoder-ogg-vorbis: bf7c407c2cedff20999df2af8eb42d56 -> 
  custom:SearchIndexIgnoredProperties: e643bd26f0fe6173181afceb89e7c659 -> 
  custom:container-demuxer-ogg: 62fdf1f143b41e24485cea50d1cbac27 -> 
  custom:AudioImporter_EditorPlatform: d09bf68614088b80899f8185d706f6e7 -> 
  custom:CustomObjectIndexerAttribute: 6d391050e5a25f67b0a2c618074f2cd9 -> 
  custom:container-demuxer-webm: 4f35f7cbe854078d1ac9338744f61a02 -> 
  custom:video-codec-MediaFoundation-h265: 746d11721c4dcdbdad8f713fa42b33f4 -> 
  custom:video-decoder-ogg-theora: a1e56fd34408186e4bbccfd4996cb3dc -> 
  custom:audio-encoder-webm-vorbis: bf7c407c2cedff20999df2af8eb42d56 -> 
  custom:framework-win-MediaFoundation: 216162199b28c13a410421893ffa2e32 -> 
  custom:container-muxer-webm: aa71ff27fc2769a1b78a27578f13a17b -> 
========================================================================
Received Import Request.
  Time since last request: 277233.551231 seconds.
  path: Assets/Sprites/Antigo/Pack 01 (Pixel Art)
  artifactKey: Guid(7b529eb8fee74ad43a0545d16c4ff61b) Importer(815301076,1909f56bfc062723c751e8b465ee728b)
Start importing Assets/Sprites/Antigo/Pack 01 (Pixel Art) using Guid(7b529eb8fee74ad43a0545d16c4ff61b) Importer(815301076,1909f56bfc062723c751e8b465ee728b)  -> (artifact id: '79c9d5098897d613cee65ae41188889e') in 0.003050 seconds
Number of updated asset objects reloaded before import = 0
Number of asset objects unloaded after import = 0
========================================================================
Received Import Request.
  Time since last request: 0.027821 seconds.
  path: Assets/Sprites/Antigo/Pack 01 (Pixel Art)/DemoScene.psd
  artifactKey: Guid(61b352472bab3d7458d00754a098f42e) Importer(815301076,1909f56bfc062723c751e8b465ee728b)
Start importing Assets/Sprites/Antigo/Pack 01 (Pixel Art)/DemoScene.psd using Guid(61b352472bab3d7458d00754a098f42e) Importer(815301076,1909f56bfc062723c751e8b465ee728b)  -> (artifact id: 'e5300cffaab39f32aed9763e10b9f88b') in 0.079017 seconds
Number of updated asset objects reloaded before import = 0
Number of asset objects unloaded after import = 3
========================================================================
Received Import Request.
  Time since last request: 69.444902 seconds.
  path: Assets/Sprites/Antigo/Pack 01 (Pixel Art)/TilePallet.prefab
  artifactKey: Guid(d5c3b66d734d99c4fb10ef653119de32) Importer(815301076,1909f56bfc062723c751e8b465ee728b)
Start importing Assets/Sprites/Antigo/Pack 01 (Pixel Art)/TilePallet.prefab using Guid(d5c3b66d734d99c4fb10ef653119de32) Importer(815301076,1909f56bfc062723c751e8b465ee728b)  -> (artifact id: 'bca4336385bb9dd6d60a4ad77a9dd60a') in 0.030248 seconds
Number of updated asset objects reloaded before import = 0
Number of asset objects unloaded after import = 10
========================================================================
Received Import Request.
  Time since last request: 50.358632 seconds.
  path: Assets/Sprites/Antigo/Pack 01 (Pixel Art)/PNG
  artifactKey: Guid(2286b7f6b217b104693c24dcf4ed9718) Importer(815301076,1909f56bfc062723c751e8b465ee728b)
Start importing Assets/Sprites/Antigo/Pack 01 (Pixel Art)/PNG using Guid(2286b7f6b217b104693c24dcf4ed9718) Importer(815301076,1909f56bfc062723c751e8b465ee728b)  -> (artifact id: '4e4b865dba6e6a1a755348915125228e') in 0.000594 seconds
Number of updated asset objects reloaded before import = 0
Number of asset objects unloaded after import = 0
========================================================================
Received Import Request.
  Time since last request: 0.156165 seconds.
  path: Assets/Sprites/Antigo/Pack 01 (Pixel Art)/PNG/Alert 1.png
  artifactKey: Guid(1caa735cab69f034a8c240f6be3f1ebb) Importer(815301076,1909f56bfc062723c751e8b465ee728b)
Start importing Assets/Sprites/Antigo/Pack 01 (Pixel Art)/PNG/Alert 1.png using Guid(1caa735cab69f034a8c240f6be3f1ebb) Importer(815301076,1909f56bfc062723c751e8b465ee728b)  -> (artifact id: '167e2492c04583388e0134fd2232b9e1') in 0.015029 seconds
Number of updated asset objects reloaded before import = 0
Number of asset objects unloaded after import = 3
========================================================================
Received Import Request.
  Time since last request: 0.000018 seconds.
  path: Assets/Sprites/Antigo/Pack 01 (Pixel Art)/PNG/Bed-1.png
  artifactKey: Guid(d4113606e896803418a151e69eb1a895) Importer(815301076,1909f56bfc062723c751e8b465ee728b)
Start importing Assets/Sprites/Antigo/Pack 01 (Pixel Art)/PNG/Bed-1.png using Guid(d4113606e896803418a151e69eb1a895) Importer(815301076,1909f56bfc062723c751e8b465ee728b)  -> (artifact id: 'a50f06230b5e09b678bf2b9819f1373d') in 0.055632 seconds
Number of updated asset objects reloaded before import = 0
Number of asset objects unloaded after import = 3
========================================================================
Received Import Request.
  Time since last request: 0.004134 seconds.
  path: Assets/Sprites/Antigo/Pack 01 (Pixel Art)/PNG/Beds and walls.png
  artifactKey: Guid(89327adee896c3840beb02d9539d8129) Importer(815301076,1909f56bfc062723c751e8b465ee728b)
Start importing Assets/Sprites/Antigo/Pack 01 (Pixel Art)/PNG/Beds and walls.png using Guid(89327adee896c3840beb02d9539d8129) Importer(815301076,1909f56bfc062723c751e8b465ee728b)  -> (artifact id: 'dec12fbb0d37ea5e76965e1408ee6868') in 0.014140 seconds
Number of updated asset objects reloaded before import = 0
Number of asset objects unloaded after import = 3
========================================================================
Received Import Request.
  Time since last request: 0.000014 seconds.
  path: Assets/Sprites/Antigo/Pack 01 (Pixel Art)/PNG/Books 2.png
  artifactKey: Guid(782032a365d319c49999eed662157838) Importer(815301076,1909f56bfc062723c751e8b465ee728b)
Start importing Assets/Sprites/Antigo/Pack 01 (Pixel Art)/PNG/Books 2.png using Guid(782032a365d319c49999eed662157838) Importer(815301076,1909f56bfc062723c751e8b465ee728b)  -> (artifact id: '6e0752965c1dc083942894d38829abc1') in 0.014349 seconds
Number of updated asset objects reloaded before import = 0
Number of asset objects unloaded after import = 3
========================================================================
Received Import Request.
  Time since last request: 0.000017 seconds.
  path: Assets/Sprites/Antigo/Pack 01 (Pixel Art)/PNG/Chunk2.png
  artifactKey: Guid(e58bd0463853a854ebab23b356af557e) Importer(815301076,1909f56bfc062723c751e8b465ee728b)
Start importing Assets/Sprites/Antigo/Pack 01 (Pixel Art)/PNG/Chunk2.png using Guid(e58bd0463853a854ebab23b356af557e) Importer(815301076,1909f56bfc062723c751e8b465ee728b)  -> (artifact id: '93cd171b8de5ce2b49747baaf6b7bf8f') in 0.018977 seconds
Number of updated asset objects reloaded before import = 0
Number of asset objects unloaded after import = 3
========================================================================
Received Import Request.
  Time since last request: 0.000019 seconds.
  path: Assets/Sprites/Antigo/Pack 01 (Pixel Art)/PNG/Chunk4.asset
  artifactKey: Guid(6cf21a31f8933d941bda870534321e8a) Importer(815301076,1909f56bfc062723c751e8b465ee728b)
Start importing Assets/Sprites/Antigo/Pack 01 (Pixel Art)/PNG/Chunk4.asset using Guid(6cf21a31f8933d941bda870534321e8a) Importer(815301076,1909f56bfc062723c751e8b465ee728b)  -> (artifact id: '634bcad9fac90f109155f748074201d2') in 0.009264 seconds
Number of updated asset objects reloaded before import = 0
Number of asset objects unloaded after import = 3
========================================================================
Received Import Request.
  Time since last request: 0.000013 seconds.
  path: Assets/Sprites/Antigo/Pack 01 (Pixel Art)/PNG/Chunk1.png
  artifactKey: Guid(9c1b9894bf947474d8997b7166473c7a) Importer(815301076,1909f56bfc062723c751e8b465ee728b)
Start importing Assets/Sprites/Antigo/Pack 01 (Pixel Art)/PNG/Chunk1.png using Guid(9c1b9894bf947474d8997b7166473c7a) Importer(815301076,1909f56bfc062723c751e8b465ee728b)  -> (artifact id: '1f59d688cd0399982064970a6fc893a7') in 0.016241 seconds
Number of updated asset objects reloaded before import = 0
Number of asset objects unloaded after import = 3
========================================================================
Received Import Request.
  Time since last request: 0.000016 seconds.
  path: Assets/Sprites/Antigo/Pack 01 (Pixel Art)/PNG/Chunk6.png
  artifactKey: Guid(915756986ff265d48a07c9c734a88bcd) Importer(815301076,1909f56bfc062723c751e8b465ee728b)
Start importing Assets/Sprites/Antigo/Pack 01 (Pixel Art)/PNG/Chunk6.png using Guid(915756986ff265d48a07c9c734a88bcd) Importer(815301076,1909f56bfc062723c751e8b465ee728b)  -> (artifact id: '58bf7ffff982bafe41d4c630e28ade0f') in 0.015167 seconds
Number of updated asset objects reloaded before import = 0
Number of asset objects unloaded after import = 3
========================================================================
Received Import Request.
  Time since last request: 0.000060 seconds.
  path: Assets/Sprites/Antigo/Pack 01 (Pixel Art)/PNG/Board 1.png
  artifactKey: Guid(714bcb61b10471a44a11384f61d771ec) Importer(815301076,1909f56bfc062723c751e8b465ee728b)
Start importing Assets/Sprites/Antigo/Pack 01 (Pixel Art)/PNG/Board 1.png using Guid(714bcb61b10471a44a11384f61d771ec) Importer(815301076,1909f56bfc062723c751e8b465ee728b)  -> (artifact id: '2a6ac4cc13e3411e3ba70aa381a60ae7') in 0.011631 seconds
Number of updated asset objects reloaded before import = 0
Number of asset objects unloaded after import = 3
========================================================================
Received Import Request.
  Time since last request: 0.000023 seconds.
  path: Assets/Sprites/Antigo/Pack 01 (Pixel Art)/PNG/Calque 18 copie 3.asset
  artifactKey: Guid(6db53b72868baca419e40b25034dd87b) Importer(815301076,1909f56bfc062723c751e8b465ee728b)
Start importing Assets/Sprites/Antigo/Pack 01 (Pixel Art)/PNG/Calque 18 copie 3.asset using Guid(6db53b72868baca419e40b25034dd87b) Importer(815301076,1909f56bfc062723c751e8b465ee728b)  -> (artifact id: 'ecdf0e944056322b62c327220d04d1dc') in 0.006025 seconds
Number of updated asset objects reloaded before import = 0
Number of asset objects unloaded after import = 3
========================================================================
Received Import Request.
  Time since last request: 0.000016 seconds.
  path: Assets/Sprites/Antigo/Pack 01 (Pixel Art)/PNG/Chair 2.png
  artifactKey: Guid(d26ad57c128b9944196a5facac4af275) Importer(815301076,1909f56bfc062723c751e8b465ee728b)
Start importing Assets/Sprites/Antigo/Pack 01 (Pixel Art)/PNG/Chair 2.png using Guid(d26ad57c128b9944196a5facac4af275) Importer(815301076,1909f56bfc062723c751e8b465ee728b)  -> (artifact id: '4a8829162ea55c3ce213e3007b4d062e') in 0.014030 seconds
Number of updated asset objects reloaded before import = 0
Number of asset objects unloaded after import = 3
========================================================================
Received Import Request.
  Time since last request: 0.000014 seconds.
  path: Assets/Sprites/Antigo/Pack 01 (Pixel Art)/PNG/Bloody bed.png
  artifactKey: Guid(7a33d707bf2f54b4199a005b7b12a700) Importer(815301076,1909f56bfc062723c751e8b465ee728b)
Start importing Assets/Sprites/Antigo/Pack 01 (Pixel Art)/PNG/Bloody bed.png using Guid(7a33d707bf2f54b4199a005b7b12a700) Importer(815301076,1909f56bfc062723c751e8b465ee728b)  -> (artifact id: '03a3f761f091931403455f95f52cb084') in 0.014669 seconds
Number of updated asset objects reloaded before import = 0
Number of asset objects unloaded after import = 3
========================================================================
Received Import Request.
  Time since last request: 0.000016 seconds.
  path: Assets/Sprites/Antigo/Pack 01 (Pixel Art)/PNG/Calque 18.png
  artifactKey: Guid(883182bc506cba14eba30d3abf6fd5d1) Importer(815301076,1909f56bfc062723c751e8b465ee728b)
Start importing Assets/Sprites/Antigo/Pack 01 (Pixel Art)/PNG/Calque 18.png using Guid(883182bc506cba14eba30d3abf6fd5d1) Importer(815301076,1909f56bfc062723c751e8b465ee728b)  -> (artifact id: '3974895728948652bae41db6195e3a19') in 0.014870 seconds
Number of updated asset objects reloaded before import = 0
Number of asset objects unloaded after import = 3
========================================================================
Received Import Request.
  Time since last request: 0.000013 seconds.
  path: Assets/Sprites/Antigo/Pack 01 (Pixel Art)/PNG/Ceiling lamp.png
  artifactKey: Guid(1a8dcd933e6e2be48ac14d11d2f7e08b) Importer(815301076,1909f56bfc062723c751e8b465ee728b)
Start importing Assets/Sprites/Antigo/Pack 01 (Pixel Art)/PNG/Ceiling lamp.png using Guid(1a8dcd933e6e2be48ac14d11d2f7e08b) Importer(815301076,1909f56bfc062723c751e8b465ee728b)  -> (artifact id: '31d0528ed4b87be03bd5e10352e59f52') in 0.015146 seconds
Number of updated asset objects reloaded before import = 0
Number of asset objects unloaded after import = 3
========================================================================
Received Import Request.
  Time since last request: 0.000021 seconds.
  path: Assets/Sprites/Antigo/Pack 01 (Pixel Art)/PNG/BioComputer.png
  artifactKey: Guid(817e3024a4817714cae332cdbd011dbf) Importer(815301076,1909f56bfc062723c751e8b465ee728b)
Start importing Assets/Sprites/Antigo/Pack 01 (Pixel Art)/PNG/BioComputer.png using Guid(817e3024a4817714cae332cdbd011dbf) Importer(815301076,1909f56bfc062723c751e8b465ee728b)  -> (artifact id: '0bb72e64d7ea78ea6b84c05fde874bc2') in 0.016646 seconds
Number of updated asset objects reloaded before import = 0
Number of asset objects unloaded after import = 3
========================================================================
Received Import Request.
  Time since last request: 0.000042 seconds.
  path: Assets/Sprites/Antigo/Pack 01 (Pixel Art)/PNG/Biorganic device copie 2.png
  artifactKey: Guid(91befdf1302dff746ad8125d74257f9e) Importer(815301076,1909f56bfc062723c751e8b465ee728b)
Start importing Assets/Sprites/Antigo/Pack 01 (Pixel Art)/PNG/Biorganic device copie 2.png using Guid(91befdf1302dff746ad8125d74257f9e) Importer(815301076,1909f56bfc062723c751e8b465ee728b)  -> (artifact id: '7932b027e251cef9e61d0f4d57f0df73') in 0.015246 seconds
Number of updated asset objects reloaded before import = 0
Number of asset objects unloaded after import = 3
========================================================================
Received Import Request.
  Time since last request: 0.000020 seconds.
  path: Assets/Sprites/Antigo/Pack 01 (Pixel Art)/PNG/Chunk6.asset
  artifactKey: Guid(4783a6dc0da53db4882df19f244e56dc) Importer(815301076,1909f56bfc062723c751e8b465ee728b)
Start importing Assets/Sprites/Antigo/Pack 01 (Pixel Art)/PNG/Chunk6.asset using Guid(4783a6dc0da53db4882df19f244e56dc) Importer(815301076,1909f56bfc062723c751e8b465ee728b)  -> (artifact id: 'ba0c05d9a718c86ed826b9bc118146ea') in 0.006087 seconds
Number of updated asset objects reloaded before import = 0
Number of asset objects unloaded after import = 3
========================================================================
Received Import Request.
  Time since last request: 0.000023 seconds.
  path: Assets/Sprites/Antigo/Pack 01 (Pixel Art)/PNG/Character 4 Blue.png
  artifactKey: Guid(39b4274ba3ecd64419df52d2a7a2873d) Importer(815301076,1909f56bfc062723c751e8b465ee728b)
Start importing Assets/Sprites/Antigo/Pack 01 (Pixel Art)/PNG/Character 4 Blue.png using Guid(39b4274ba3ecd64419df52d2a7a2873d) Importer(815301076,1909f56bfc062723c751e8b465ee728b)  -> (artifact id: 'b723726c6422abf5664f5fdab7b5c928') in 0.011763 seconds
Number of updated asset objects reloaded before import = 0
Number of asset objects unloaded after import = 3
========================================================================
Received Import Request.
  Time since last request: 0.000014 seconds.
  path: Assets/Sprites/Antigo/Pack 01 (Pixel Art)/PNG/books.png
  artifactKey: Guid(2c6905990e277a54a81facd32048acf7) Importer(815301076,1909f56bfc062723c751e8b465ee728b)
Start importing Assets/Sprites/Antigo/Pack 01 (Pixel Art)/PNG/books.png using Guid(2c6905990e277a54a81facd32048acf7) Importer(815301076,1909f56bfc062723c751e8b465ee728b)  -> (artifact id: '1354b67e88640e4710175124ed375474') in 0.015556 seconds
Number of updated asset objects reloaded before import = 0
Number of asset objects unloaded after import = 3
========================================================================
Received Import Request.
  Time since last request: 1.329220 seconds.
  path: Assets/Sprites/Antigo/Pack 01 (Pixel Art)/PNG/Chunk7.asset
  artifactKey: Guid(34c962da12b731c49b6aaaedad01af91) Importer(815301076,1909f56bfc062723c751e8b465ee728b)
Start importing Assets/Sprites/Antigo/Pack 01 (Pixel Art)/PNG/Chunk7.asset using Guid(34c962da12b731c49b6aaaedad01af91) Importer(815301076,1909f56bfc062723c751e8b465ee728b)  -> (artifact id: '95dc3bf892987def454cdca9772666a3') in 0.006213 seconds
Number of updated asset objects reloaded before import = 0
Number of asset objects unloaded after import = 3
========================================================================
Received Import Request.
  Time since last request: 0.000013 seconds.
  path: Assets/Sprites/Antigo/Pack 01 (Pixel Art)/PNG/Chunk10.png
  artifactKey: Guid(d05f33ae5884e3d4684445063fc7c2d3) Importer(815301076,1909f56bfc062723c751e8b465ee728b)
Start importing Assets/Sprites/Antigo/Pack 01 (Pixel Art)/PNG/Chunk10.png using Guid(d05f33ae5884e3d4684445063fc7c2d3) Importer(815301076,1909f56bfc062723c751e8b465ee728b)  -> (artifact id: 'ecbe3064b80ff24102d2a0dee6ce213c') in 0.011523 seconds
Number of updated asset objects reloaded before import = 0
Number of asset objects unloaded after import = 3
========================================================================
Received Import Request.
  Time since last request: 0.000014 seconds.
  path: Assets/Sprites/Antigo/Pack 01 (Pixel Art)/PNG/CryoBox.png
  artifactKey: Guid(6ef12d9764da8a146be0e25f66f39576) Importer(815301076,1909f56bfc062723c751e8b465ee728b)
Start importing Assets/Sprites/Antigo/Pack 01 (Pixel Art)/PNG/CryoBox.png using Guid(6ef12d9764da8a146be0e25f66f39576) Importer(815301076,1909f56bfc062723c751e8b465ee728b)  -> (artifact id: '2660ffae405c75995d4203aa0b41ab05') in 0.012287 seconds
Number of updated asset objects reloaded before import = 0
Number of asset objects unloaded after import = 3
========================================================================
Received Import Request.
  Time since last request: 0.000013 seconds.
  path: Assets/Sprites/Antigo/Pack 01 (Pixel Art)/PNG/Chunk8.png
  artifactKey: Guid(82b66ed98bb59634dac37d94b4983f6c) Importer(815301076,1909f56bfc062723c751e8b465ee728b)
Start importing Assets/Sprites/Antigo/Pack 01 (Pixel Art)/PNG/Chunk8.png using Guid(82b66ed98bb59634dac37d94b4983f6c) Importer(815301076,1909f56bfc062723c751e8b465ee728b)  -> (artifact id: '7819628acf272cb08bdf1b368cabf685') in 0.013846 seconds
Number of updated asset objects reloaded before import = 0
Number of asset objects unloaded after import = 3
========================================================================
Received Import Request.
  Time since last request: 0.000014 seconds.
  path: Assets/Sprites/Antigo/Pack 01 (Pixel Art)/PNG/Chunk9.png
  artifactKey: Guid(5cca60e0a3638314da3aff1318aa1609) Importer(815301076,1909f56bfc062723c751e8b465ee728b)
Start importing Assets/Sprites/Antigo/Pack 01 (Pixel Art)/PNG/Chunk9.png using Guid(5cca60e0a3638314da3aff1318aa1609) Importer(815301076,1909f56bfc062723c751e8b465ee728b)  -> (artifact id: '61c223d46628fecc1362d7bdaf87f757') in 0.011404 seconds
Number of updated asset objects reloaded before import = 0
Number of asset objects unloaded after import = 3
========================================================================
Received Import Request.
  Time since last request: 0.000015 seconds.
  path: Assets/Sprites/Antigo/Pack 01 (Pixel Art)/PNG/Chunk8.asset
  artifactKey: Guid(8fe9a83db96445e4b86b8ebcdfc103f6) Importer(815301076,1909f56bfc062723c751e8b465ee728b)
Start importing Assets/Sprites/Antigo/Pack 01 (Pixel Art)/PNG/Chunk8.asset using Guid(8fe9a83db96445e4b86b8ebcdfc103f6) Importer(815301076,1909f56bfc062723c751e8b465ee728b)  -> (artifact id: '5b85559705a57edafccc780381390522') in 0.004836 seconds
Number of updated asset objects reloaded before import = 0
Number of asset objects unloaded after import = 3
========================================================================
Received Import Request.
  Time since last request: 0.003524 seconds.
  path: Assets/Sprites/Antigo/Pack 01 (Pixel Art)/PNG/CryoBox destroyed.png
  artifactKey: Guid(f59fea383f3bb9c42a88e1d636b680ac) Importer(815301076,1909f56bfc062723c751e8b465ee728b)
Start importing Assets/Sprites/Antigo/Pack 01 (Pixel Art)/PNG/CryoBox destroyed.png using Guid(f59fea383f3bb9c42a88e1d636b680ac) Importer(815301076,1909f56bfc062723c751e8b465ee728b)  -> (artifact id: 'a7b14633713f7d4a27af9109043dccd0') in 0.010883 seconds
Number of updated asset objects reloaded before import = 0
Number of asset objects unloaded after import = 3
========================================================================
Received Import Request.
  Time since last request: 0.000017 seconds.
  path: Assets/Sprites/Antigo/Pack 01 (Pixel Art)/PNG/Doors 1.png
  artifactKey: Guid(15e66497d969bd148976abf1390d7548) Importer(815301076,1909f56bfc062723c751e8b465ee728b)
Start importing Assets/Sprites/Antigo/Pack 01 (Pixel Art)/PNG/Doors 1.png using Guid(15e66497d969bd148976abf1390d7548) Importer(815301076,1909f56bfc062723c751e8b465ee728b)  -> (artifact id: '44105354eab3df4550f354158b68aff6') in 0.012513 seconds
Number of updated asset objects reloaded before import = 0
Number of asset objects unloaded after import = 3
========================================================================
Received Import Request.
  Time since last request: 0.000018 seconds.
  path: Assets/Sprites/Antigo/Pack 01 (Pixel Art)/PNG/Electric wall.png
  artifactKey: Guid(1cf58fa7c22c5224e97f71b79aca6cf5) Importer(815301076,1909f56bfc062723c751e8b465ee728b)
Start importing Assets/Sprites/Antigo/Pack 01 (Pixel Art)/PNG/Electric wall.png using Guid(1cf58fa7c22c5224e97f71b79aca6cf5) Importer(815301076,1909f56bfc062723c751e8b465ee728b)  -> (artifact id: 'bd92925ace1dc16b86da3752784a76db') in 0.011521 seconds
Number of updated asset objects reloaded before import = 0
Number of asset objects unloaded after import = 3
========================================================================
Received Import Request.
  Time since last request: 0.000036 seconds.
  path: Assets/Sprites/Antigo/Pack 01 (Pixel Art)/PNG/Door 2.png
  artifactKey: Guid(adbe9f7ead01e794581828875ddd83d6) Importer(815301076,1909f56bfc062723c751e8b465ee728b)
Start importing Assets/Sprites/Antigo/Pack 01 (Pixel Art)/PNG/Door 2.png using Guid(adbe9f7ead01e794581828875ddd83d6) Importer(815301076,1909f56bfc062723c751e8b465ee728b)  -> (artifact id: 'f539f94e790352e69762bd8b736c230b') in 0.011652 seconds
Number of updated asset objects reloaded before import = 0
Number of asset objects unloaded after import = 3
========================================================================
Received Import Request.
  Time since last request: 0.000016 seconds.
  path: Assets/Sprites/Antigo/Pack 01 (Pixel Art)/PNG/Enter 1.png
  artifactKey: Guid(34a77fef93fdd684296bc482d9a2591b) Importer(815301076,1909f56bfc062723c751e8b465ee728b)
Start importing Assets/Sprites/Antigo/Pack 01 (Pixel Art)/PNG/Enter 1.png using Guid(34a77fef93fdd684296bc482d9a2591b) Importer(815301076,1909f56bfc062723c751e8b465ee728b)  -> (artifact id: '6c0c786572035c65920f8bd8ee312306') in 0.010873 seconds
Number of updated asset objects reloaded before import = 0
Number of asset objects unloaded after import = 3
========================================================================
Received Import Request.
  Time since last request: 0.000022 seconds.
  path: Assets/Sprites/Antigo/Pack 01 (Pixel Art)/PNG/Electric wall.asset
  artifactKey: Guid(3e95e03e57cbf664aab46f891be6a570) Importer(815301076,1909f56bfc062723c751e8b465ee728b)
Start importing Assets/Sprites/Antigo/Pack 01 (Pixel Art)/PNG/Electric wall.asset using Guid(3e95e03e57cbf664aab46f891be6a570) Importer(815301076,1909f56bfc062723c751e8b465ee728b)  -> (artifact id: 'e3e66e1f1407cb734241866091a741f4') in 0.005039 seconds
Number of updated asset objects reloaded before import = 0
Number of asset objects unloaded after import = 3
========================================================================
Received Import Request.
  Time since last request: 0.019899 seconds.
  path: Assets/Sprites/Antigo/Pack 01 (Pixel Art)/PNG/Enter 2.png
  artifactKey: Guid(11c99634c24f46040b1ba2c40697d982) Importer(815301076,1909f56bfc062723c751e8b465ee728b)
Start importing Assets/Sprites/Antigo/Pack 01 (Pixel Art)/PNG/Enter 2.png using Guid(11c99634c24f46040b1ba2c40697d982) Importer(815301076,1909f56bfc062723c751e8b465ee728b)  -> (artifact id: '2813ddb462c60dcdef72b4d1e98e3374') in 0.009929 seconds
Number of updated asset objects reloaded before import = 0
Number of asset objects unloaded after import = 3
========================================================================
Received Import Request.
  Time since last request: 0.000013 seconds.
  path: Assets/Sprites/Antigo/Pack 01 (Pixel Art)/PNG/Floor 3.png
  artifactKey: Guid(ea6223469c2006346aaa6eeb7cd00c6b) Importer(815301076,1909f56bfc062723c751e8b465ee728b)
Start importing Assets/Sprites/Antigo/Pack 01 (Pixel Art)/PNG/Floor 3.png using Guid(ea6223469c2006346aaa6eeb7cd00c6b) Importer(815301076,1909f56bfc062723c751e8b465ee728b)  -> (artifact id: 'eef1e39e25d360246dfbf6aca3fd3d3a') in 0.010235 seconds
Number of updated asset objects reloaded before import = 0
Number of asset objects unloaded after import = 3
========================================================================
Received Import Request.
  Time since last request: 0.000015 seconds.
  path: Assets/Sprites/Antigo/Pack 01 (Pixel Art)/PNG/Floor 4.png
  artifactKey: Guid(6715c4d0491d8ce4dba4e1b52a33b6ac) Importer(815301076,1909f56bfc062723c751e8b465ee728b)
Start importing Assets/Sprites/Antigo/Pack 01 (Pixel Art)/PNG/Floor 4.png using Guid(6715c4d0491d8ce4dba4e1b52a33b6ac) Importer(815301076,1909f56bfc062723c751e8b465ee728b)  -> (artifact id: '0101750515751f34465d31ad67c2af50') in 0.011307 seconds
Number of updated asset objects reloaded before import = 0
Number of asset objects unloaded after import = 3
========================================================================
Received Import Request.
  Time since last request: 0.000016 seconds.
  path: Assets/Sprites/Antigo/Pack 01 (Pixel Art)/PNG/Hand scanner.png
  artifactKey: Guid(fd129fed5e515114ea98dff24d8b2605) Importer(815301076,1909f56bfc062723c751e8b465ee728b)
Start importing Assets/Sprites/Antigo/Pack 01 (Pixel Art)/PNG/Hand scanner.png using Guid(fd129fed5e515114ea98dff24d8b2605) Importer(815301076,1909f56bfc062723c751e8b465ee728b)  -> (artifact id: '1267cd64dc76d8fbb25c0fb26ab4334f') in 0.011756 seconds
Number of updated asset objects reloaded before import = 0
Number of asset objects unloaded after import = 3
========================================================================
Received Import Request.
  Time since last request: 0.000017 seconds.
  path: Assets/Sprites/Antigo/Pack 01 (Pixel Art)/PNG/Floor 6.png
  artifactKey: Guid(1cfa5d154c4a9c84f8bf8591425b2d59) Importer(815301076,1909f56bfc062723c751e8b465ee728b)
Start importing Assets/Sprites/Antigo/Pack 01 (Pixel Art)/PNG/Floor 6.png using Guid(1cfa5d154c4a9c84f8bf8591425b2d59) Importer(815301076,1909f56bfc062723c751e8b465ee728b)  -> (artifact id: '32bc8fa2e236635bfec80d291ac3bb07') in 0.012491 seconds
Number of updated asset objects reloaded before import = 0
Number of asset objects unloaded after import = 3
========================================================================
Received Import Request.
  Time since last request: 0.000037 seconds.
  path: Assets/Sprites/Antigo/Pack 01 (Pixel Art)/PNG/Floor 5.png
  artifactKey: Guid(ab99efd06d24d29479f6961058970111) Importer(815301076,1909f56bfc062723c751e8b465ee728b)
Start importing Assets/Sprites/Antigo/Pack 01 (Pixel Art)/PNG/Floor 5.png using Guid(ab99efd06d24d29479f6961058970111) Importer(815301076,1909f56bfc062723c751e8b465ee728b)  -> (artifact id: '6da222201b1154c9be463893226716a4') in 0.012355 seconds
Number of updated asset objects reloaded before import = 0
Number of asset objects unloaded after import = 3
========================================================================
Received Import Request.
  Time since last request: 6.453764 seconds.
  path: Assets/Sprites/Antigo/Pack 01 (Pixel Art)/PNG/Health Pack 2.png
  artifactKey: Guid(d921ce92d9b527546b0e78529c055bdb) Importer(815301076,1909f56bfc062723c751e8b465ee728b)
Start importing Assets/Sprites/Antigo/Pack 01 (Pixel Art)/PNG/Health Pack 2.png using Guid(d921ce92d9b527546b0e78529c055bdb) Importer(815301076,1909f56bfc062723c751e8b465ee728b)  -> (artifact id: '9a4327874f3a4d32860b9dc24aab7099') in 0.011288 seconds
Number of updated asset objects reloaded before import = 0
Number of asset objects unloaded after import = 3
========================================================================
Received Import Request.
  Time since last request: 0.000013 seconds.
  path: Assets/Sprites/Antigo/Pack 01 (Pixel Art)/PNG/Machine 1.png
  artifactKey: Guid(a5efbf2fc1ecdc8409f92f8aba248a34) Importer(815301076,1909f56bfc062723c751e8b465ee728b)
Start importing Assets/Sprites/Antigo/Pack 01 (Pixel Art)/PNG/Machine 1.png using Guid(a5efbf2fc1ecdc8409f92f8aba248a34) Importer(815301076,1909f56bfc062723c751e8b465ee728b)  -> (artifact id: '9e8ab21c0e7a8dbd4203865779d28684') in 0.015118 seconds
Number of updated asset objects reloaded before import = 0
Number of asset objects unloaded after import = 3
========================================================================
Received Import Request.
  Time since last request: 0.000013 seconds.
  path: Assets/Sprites/Antigo/Pack 01 (Pixel Art)/PNG/Lamp 1.png
  artifactKey: Guid(b58f11ed7e5c3ec49a152aba8520c101) Importer(815301076,1909f56bfc062723c751e8b465ee728b)
Start importing Assets/Sprites/Antigo/Pack 01 (Pixel Art)/PNG/Lamp 1.png using Guid(b58f11ed7e5c3ec49a152aba8520c101) Importer(815301076,1909f56bfc062723c751e8b465ee728b)  -> (artifact id: '61622c79be051d120fa7db243b8ce4cc') in 0.011432 seconds
Number of updated asset objects reloaded before import = 0
Number of asset objects unloaded after import = 3
========================================================================
Received Import Request.
  Time since last request: 0.000015 seconds.
  path: Assets/Sprites/Antigo/Pack 01 (Pixel Art)/PNG/Locker open.png
  artifactKey: Guid(48608006883ccdc418707d66513ad668) Importer(815301076,1909f56bfc062723c751e8b465ee728b)
Start importing Assets/Sprites/Antigo/Pack 01 (Pixel Art)/PNG/Locker open.png using Guid(48608006883ccdc418707d66513ad668) Importer(815301076,1909f56bfc062723c751e8b465ee728b)  -> (artifact id: '90859fb811f487c14e31e8bffac601a1') in 0.016264 seconds
Number of updated asset objects reloaded before import = 0
Number of asset objects unloaded after import = 3
========================================================================
Received Import Request.
  Time since last request: 0.000013 seconds.
  path: Assets/Sprites/Antigo/Pack 01 (Pixel Art)/PNG/Machine 2.png
  artifactKey: Guid(46402534c92a80d409eebd11efa0bb9a) Importer(815301076,1909f56bfc062723c751e8b465ee728b)
Start importing Assets/Sprites/Antigo/Pack 01 (Pixel Art)/PNG/Machine 2.png using Guid(46402534c92a80d409eebd11efa0bb9a) Importer(815301076,1909f56bfc062723c751e8b465ee728b)  -> (artifact id: '35723a9681579693efd6f857a8f4bf3d') in 0.011351 seconds
Number of updated asset objects reloaded before import = 0
Number of asset objects unloaded after import = 3
========================================================================
Received Import Request.
  Time since last request: 0.031848 seconds.
  path: Assets/Sprites/Antigo/Pack 01 (Pixel Art)/PNG/Machine 3.png
  artifactKey: Guid(e14b1d8b35e258c429d678fd465b1f6d) Importer(815301076,1909f56bfc062723c751e8b465ee728b)
Start importing Assets/Sprites/Antigo/Pack 01 (Pixel Art)/PNG/Machine 3.png using Guid(e14b1d8b35e258c429d678fd465b1f6d) Importer(815301076,1909f56bfc062723c751e8b465ee728b)  -> (artifact id: '693a8b0051edf3558ed196d9dd8ed07c') in 0.012770 seconds
Number of updated asset objects reloaded before import = 0
Number of asset objects unloaded after import = 3
========================================================================
Received Import Request.
  Time since last request: 0.000013 seconds.
  path: Assets/Sprites/Antigo/Pack 01 (Pixel Art)/PNG/Mural patch 2.png
  artifactKey: Guid(b1117a924aa33644695ac223605011a6) Importer(815301076,1909f56bfc062723c751e8b465ee728b)
Start importing Assets/Sprites/Antigo/Pack 01 (Pixel Art)/PNG/Mural patch 2.png using Guid(b1117a924aa33644695ac223605011a6) Importer(815301076,1909f56bfc062723c751e8b465ee728b)  -> (artifact id: '213f661d6df3cef89426c5def5031d8a') in 0.017118 seconds
Number of updated asset objects reloaded before import = 0
Number of asset objects unloaded after import = 3
========================================================================
Received Import Request.
  Time since last request: 0.000036 seconds.
  path: Assets/Sprites/Antigo/Pack 01 (Pixel Art)/PNG/Pillar destroyed.png
  artifactKey: Guid(0270eea574cd21e428a5f3d537a783f1) Importer(815301076,1909f56bfc062723c751e8b465ee728b)
Start importing Assets/Sprites/Antigo/Pack 01 (Pixel Art)/PNG/Pillar destroyed.png using Guid(0270eea574cd21e428a5f3d537a783f1) Importer(815301076,1909f56bfc062723c751e8b465ee728b)  -> (artifact id: '42334dc67864cc6ef3f3ac8ec852e463') in 0.015928 seconds
Number of updated asset objects reloaded before import = 0
Number of asset objects unloaded after import = 3
========================================================================
Received Import Request.
  Time since last request: 0.731778 seconds.
  path: Assets/Sprites/Antigo/Pack 01 (Pixel Art)/PNG/Pillars.png
  artifactKey: Guid(877aefa4d43e84a40be31122b64597b4) Importer(815301076,1909f56bfc062723c751e8b465ee728b)
Start importing Assets/Sprites/Antigo/Pack 01 (Pixel Art)/PNG/Pillars.png using Guid(877aefa4d43e84a40be31122b64597b4) Importer(815301076,1909f56bfc062723c751e8b465ee728b)  -> (artifact id: '8f89f65dc68ce971c01777993e5364e8') in 0.014785 seconds
Number of updated asset objects reloaded before import = 0
Number of asset objects unloaded after import = 3
========================================================================
Received Import Request.
  Time since last request: 0.000013 seconds.
  path: Assets/Sprites/Antigo/Pack 01 (Pixel Art)/PNG/Props 1.png
  artifactKey: Guid(207891c1a031a6a4b9325f196ed980b7) Importer(815301076,1909f56bfc062723c751e8b465ee728b)
Start importing Assets/Sprites/Antigo/Pack 01 (Pixel Art)/PNG/Props 1.png using Guid(207891c1a031a6a4b9325f196ed980b7) Importer(815301076,1909f56bfc062723c751e8b465ee728b)  -> (artifact id: 'd4852a80fb636825e75959c39a033654') in 0.015417 seconds
Number of updated asset objects reloaded before import = 0
Number of asset objects unloaded after import = 3
========================================================================
Received Import Request.
  Time since last request: 0.000035 seconds.
  path: Assets/Sprites/Antigo/Pack 01 (Pixel Art)/PNG/Random Device 2.png
  artifactKey: Guid(7b832d14b3308b34e99f9d5fc77d1ec9) Importer(815301076,1909f56bfc062723c751e8b465ee728b)
Start importing Assets/Sprites/Antigo/Pack 01 (Pixel Art)/PNG/Random Device 2.png using Guid(7b832d14b3308b34e99f9d5fc77d1ec9) Importer(815301076,1909f56bfc062723c751e8b465ee728b)  -> (artifact id: 'bf7f9ac8d2aa85025d07620d0ff620a9') in 0.014770 seconds
Number of updated asset objects reloaded before import = 0
Number of asset objects unloaded after import = 3
========================================================================
Received Import Request.
  Time since last request: 0.055505 seconds.
  path: Assets/Sprites/Antigo/Pack 01 (Pixel Art)/PNG/Random Device 3.png
  artifactKey: Guid(c0fd94f95810dac4fa2194e0b29ec0d4) Importer(815301076,1909f56bfc062723c751e8b465ee728b)
Start importing Assets/Sprites/Antigo/Pack 01 (Pixel Art)/PNG/Random Device 3.png using Guid(c0fd94f95810dac4fa2194e0b29ec0d4) Importer(815301076,1909f56bfc062723c751e8b465ee728b)  -> (artifact id: '1fff1c2e4014a9d2daa4a0690ba3c6fe') in 0.013823 seconds
Number of updated asset objects reloaded before import = 0
Number of asset objects unloaded after import = 3
========================================================================
Received Import Request.
  Time since last request: 0.000019 seconds.
  path: Assets/Sprites/Antigo/Pack 01 (Pixel Art)/PNG/Semi-wall 2 copie.png
  artifactKey: Guid(2de503df1b0d4664ca3cae12a0aad6c6) Importer(815301076,1909f56bfc062723c751e8b465ee728b)
Start importing Assets/Sprites/Antigo/Pack 01 (Pixel Art)/PNG/Semi-wall 2 copie.png using Guid(2de503df1b0d4664ca3cae12a0aad6c6) Importer(815301076,1909f56bfc062723c751e8b465ee728b)  -> (artifact id: 'b565cb2113610b8cf34ea5ee9de18445') in 0.017272 seconds
Number of updated asset objects reloaded before import = 0
Number of asset objects unloaded after import = 3
========================================================================
Received Import Request.
  Time since last request: 0.048176 seconds.
  path: Assets/Sprites/Antigo/Pack 01 (Pixel Art)/PNG/Small Device.png
  artifactKey: Guid(43bf01f382450504b962e2b6d37c84ab) Importer(815301076,1909f56bfc062723c751e8b465ee728b)
Start importing Assets/Sprites/Antigo/Pack 01 (Pixel Art)/PNG/Small Device.png using Guid(43bf01f382450504b962e2b6d37c84ab) Importer(815301076,1909f56bfc062723c751e8b465ee728b)  -> (artifact id: '435e1fcf379263815d9ae49c27580181') in 0.014319 seconds
Number of updated asset objects reloaded before import = 0
Number of asset objects unloaded after import = 3
========================================================================
Received Import Request.
  Time since last request: 0.000019 seconds.
  path: Assets/Sprites/Antigo/Pack 01 (Pixel Art)/PNG/Stairs 2.png
  artifactKey: Guid(7aa76939e5e6e3c448607f3fd0f9cb6d) Importer(815301076,1909f56bfc062723c751e8b465ee728b)
Start importing Assets/Sprites/Antigo/Pack 01 (Pixel Art)/PNG/Stairs 2.png using Guid(7aa76939e5e6e3c448607f3fd0f9cb6d) Importer(815301076,1909f56bfc062723c751e8b465ee728b)  -> (artifact id: '16fd839a1faf6ade133715c41a053dda') in 0.017280 seconds
Number of updated asset objects reloaded before import = 0
Number of asset objects unloaded after import = 3
========================================================================
Received Import Request.
  Time since last request: 0.000014 seconds.
  path: Assets/Sprites/Antigo/Pack 01 (Pixel Art)/PNG/Surprised screen.png
  artifactKey: Guid(6f30059b3176d484aa46eff5dcf5581d) Importer(815301076,1909f56bfc062723c751e8b465ee728b)
Start importing Assets/Sprites/Antigo/Pack 01 (Pixel Art)/PNG/Surprised screen.png using Guid(6f30059b3176d484aa46eff5dcf5581d) Importer(815301076,1909f56bfc062723c751e8b465ee728b)  -> (artifact id: '78dda2ed1b50d451f62cda94c885d8d6') in 0.013320 seconds
Number of updated asset objects reloaded before import = 0
Number of asset objects unloaded after import = 3
========================================================================
Received Import Request.
  Time since last request: 0.334709 seconds.
  path: Assets/Sprites/Antigo/Pack 01 (Pixel Art)/PNG/Teleportation.png
  artifactKey: Guid(11a0abfa311cad64ab2cc7fafcbaa81f) Importer(815301076,1909f56bfc062723c751e8b465ee728b)
Start importing Assets/Sprites/Antigo/Pack 01 (Pixel Art)/PNG/Teleportation.png using Guid(11a0abfa311cad64ab2cc7fafcbaa81f) Importer(815301076,1909f56bfc062723c751e8b465ee728b)  -> (artifact id: '83c4656630dce40e2f64ad62592fd8af') in 0.012828 seconds
Number of updated asset objects reloaded before import = 0
Number of asset objects unloaded after import = 3
========================================================================
Received Import Request.
  Time since last request: 0.000013 seconds.
  path: Assets/Sprites/Antigo/Pack 01 (Pixel Art)/PNG/Wall 7.png
  artifactKey: Guid(208fe2108fb9c4247b33044fdac99fa4) Importer(815301076,1909f56bfc062723c751e8b465ee728b)
Start importing Assets/Sprites/Antigo/Pack 01 (Pixel Art)/PNG/Wall 7.png using Guid(208fe2108fb9c4247b33044fdac99fa4) Importer(815301076,1909f56bfc062723c751e8b465ee728b)  -> (artifact id: '1a469d3445f399eb5685cd5ca678e2d7') in 0.014819 seconds
Number of updated asset objects reloaded before import = 0
Number of asset objects unloaded after import = 3
========================================================================
Received Import Request.
  Time since last request: 0.000012 seconds.
  path: Assets/Sprites/Antigo/Pack 01 (Pixel Art)/PNG/Wall 6.png
  artifactKey: Guid(660e3cbbb38ae824298f1d63e3c06c71) Importer(815301076,1909f56bfc062723c751e8b465ee728b)
Start importing Assets/Sprites/Antigo/Pack 01 (Pixel Art)/PNG/Wall 6.png using Guid(660e3cbbb38ae824298f1d63e3c06c71) Importer(815301076,1909f56bfc062723c751e8b465ee728b)  -> (artifact id: '566e488b7cf2799c3b991ff411d132af') in 0.015070 seconds
Number of updated asset objects reloaded before import = 0
Number of asset objects unloaded after import = 3
========================================================================
Received Import Request.
  Time since last request: 0.181720 seconds.
  path: Assets/Sprites/Antigo/Pack 01 (Pixel Art)/PNG/Wall cover.png
  artifactKey: Guid(e72e1dd666f86444aa468b20e7c26092) Importer(815301076,1909f56bfc062723c751e8b465ee728b)
Start importing Assets/Sprites/Antigo/Pack 01 (Pixel Art)/PNG/Wall cover.png using Guid(e72e1dd666f86444aa468b20e7c26092) Importer(815301076,1909f56bfc062723c751e8b465ee728b)  -> (artifact id: '7539d8d75df61b0ed7906bf7f21f6603') in 0.016027 seconds
Number of updated asset objects reloaded before import = 0
Number of asset objects unloaded after import = 3
========================================================================
Received Import Request.
  Time since last request: 0.000012 seconds.
  path: Assets/Sprites/Antigo/Pack 01 (Pixel Art)/PNG/Wall with glass 1.png
  artifactKey: Guid(228a9efd10784ba49840c5286a221a7b) Importer(815301076,1909f56bfc062723c751e8b465ee728b)
Start importing Assets/Sprites/Antigo/Pack 01 (Pixel Art)/PNG/Wall with glass 1.png using Guid(228a9efd10784ba49840c5286a221a7b) Importer(815301076,1909f56bfc062723c751e8b465ee728b)  -> (artifact id: 'cd603582700f72c7f6ca79930d7a2cb8') in 0.020744 seconds
Number of updated asset objects reloaded before import = 0
Number of asset objects unloaded after import = 3
========================================================================
Received Import Request.
  Time since last request: 0.348104 seconds.
  path: Assets/Sprites/Antigo/Pack 01 (Pixel Art)/PNG/Window 2.png
  artifactKey: Guid(8d28293cd29f7f344aba12ce366034a3) Importer(815301076,1909f56bfc062723c751e8b465ee728b)
Start importing Assets/Sprites/Antigo/Pack 01 (Pixel Art)/PNG/Window 2.png using Guid(8d28293cd29f7f344aba12ce366034a3) Importer(815301076,1909f56bfc062723c751e8b465ee728b)  -> (artifact id: '3a8c807e7ca48f308976c6b4ddb275f9') in 0.012787 seconds
Number of updated asset objects reloaded before import = 0
Number of asset objects unloaded after import = 3
Editor requested this worker to shutdown with reason: Scaling down because of idle timeout
TcpMessagingSession - receive error: operation aborted. errorcode: 995, details: A operao de E/S foi anulada devido a uma sada de thread ou a uma requisio de aplicativo.
AssetImportWorker is now disconnected from the server
Process exiting
Exiting without the bug reporter. Application will terminate with return code 0