Using pre-set license
Built from '2022.3/staging' branch; Version is '2022.3.19f1 (244b723c30a6) revision 2378610'; Using compiler version '192829333'; Build Type 'Release'
OS: 'Windows 10  (10.0.19045) 64bit Professional' Language: 'pt' Physical Memory: 16089 MB
BatchMode: 1, IsHumanControllingUs: 0, StartBugReporterOnCrash: 0, Is64bit: 1, IsPro: 1

COMMAND LINE ARGUMENTS:
C:\Program Files\Unity\Hub\Editor\2022.3.19f1\Editor\Unity.exe
-adb2
-batchMode
-noUpm
-name
AssetImportWorker6
-projectPath
C:/Users/ra00353495/Documents/Projetos/MegamanRemix-Past
-logFile
Logs/AssetImportWorker6.log
-srvPort
53777
Successfully changed project path to: C:/Users/ra00353495/Documents/Projetos/MegamanRemix-Past
C:/Users/ra00353495/Documents/Projetos/MegamanRemix-Past
[UnityMemory] Configuration Parameters - Can be set up in boot.config
    "memorysetup-bucket-allocator-granularity=16"
    "memorysetup-bucket-allocator-bucket-count=8"
    "memorysetup-bucket-allocator-block-size=33554432"
    "memorysetup-bucket-allocator-block-count=8"
    "memorysetup-main-allocator-block-size=16777216"
    "memorysetup-thread-allocator-block-size=16777216"
    "memorysetup-gfx-main-allocator-block-size=16777216"
    "memorysetup-gfx-thread-allocator-block-size=16777216"
    "memorysetup-cache-allocator-block-size=4194304"
    "memorysetup-typetree-allocator-block-size=2097152"
    "memorysetup-profiler-bucket-allocator-granularity=16"
    "memorysetup-profiler-bucket-allocator-bucket-count=8"
    "memorysetup-profiler-bucket-allocator-block-size=33554432"
    "memorysetup-profiler-bucket-allocator-block-count=8"
    "memorysetup-profiler-allocator-block-size=16777216"
    "memorysetup-profiler-editor-allocator-block-size=1048576"
    "memorysetup-temp-allocator-size-main=16777216"
    "memorysetup-job-temp-allocator-block-size=2097152"
    "memorysetup-job-temp-allocator-block-size-background=1048576"
    "memorysetup-job-temp-allocator-reduction-small-platforms=262144"
    "memorysetup-allocator-temp-initial-block-size-main=262144"
    "memorysetup-allocator-temp-initial-block-size-worker=262144"
    "memorysetup-temp-allocator-size-background-worker=32768"
    "memorysetup-temp-allocator-size-job-worker=262144"
    "memorysetup-temp-allocator-size-preload-manager=33554432"
    "memorysetup-temp-allocator-size-nav-mesh-worker=65536"
    "memorysetup-temp-allocator-size-audio-worker=65536"
    "memorysetup-temp-allocator-size-cloud-worker=32768"
    "memorysetup-temp-allocator-size-gi-baking-worker=262144"
    "memorysetup-temp-allocator-size-gfx=262144"
Player connection [7112] Host "[IP] 172.17.11.12 [Port] 0 [Flags] 2 [Guid] 1990699622 [EditorId] 1990699622 [Version] 1048832 [Id] WindowsEditor(7,DSP-BRJ3055CJ7) [Debug] 1 [PackageName] WindowsEditor [ProjectName] Editor" joined multi-casting on [225.0.0.222:54997]...

Player connection [7112] Host "[IP] 172.17.11.12 [Port] 0 [Flags] 2 [Guid] 1990699622 [EditorId] 1990699622 [Version] 1048832 [Id] WindowsEditor(7,DSP-BRJ3055CJ7) [Debug] 1 [PackageName] WindowsEditor [ProjectName] Editor" joined alternative multi-casting on [225.0.0.222:34997]...

[Physics::Module] Initialized MultithreadedJobDispatcher with 19 workers.
Refreshing native plugins compatible for Editor in 1.32 ms, found 0 plugins.
Preloading 0 native plugins for Editor in 0.00 ms.
Initialize engine version: 2022.3.19f1 (244b723c30a6)
[Subsystems] Discovering subsystems at path C:/Program Files/Unity/Hub/Editor/2022.3.19f1/Editor/Data/Resources/UnitySubsystems
[Subsystems] Discovering subsystems at path C:/Users/ra00353495/Documents/Projetos/MegamanRemix-Past/Assets
GfxDevice: creating device client; threaded=0; jobified=0
Direct3D:
    Version:  Direct3D 11.0 [level 11.1]
    Renderer: NVIDIA T400 4GB (ID=0x1ff2)
    Vendor:   NVIDIA
    VRAM:     3943 MB
    Driver:   31.0.15.5123
Initialize mono
Mono path[0] = 'C:/Program Files/Unity/Hub/Editor/2022.3.19f1/Editor/Data/Managed'
Mono path[1] = 'C:/Program Files/Unity/Hub/Editor/2022.3.19f1/Editor/Data/MonoBleedingEdge/lib/mono/unityjit-win32'
Mono config path = 'C:/Program Files/Unity/Hub/Editor/2022.3.19f1/Editor/Data/MonoBleedingEdge/etc'
Using monoOptions --debugger-agent=transport=dt_socket,embedding=1,server=y,suspend=n,address=127.0.0.1:56940
Begin MonoManager ReloadAssembly
Registering precompiled unity dll's ...
Register platform support module: C:/Program Files/Unity/Hub/Editor/2022.3.19f1/Editor/Data/PlaybackEngines/AndroidPlayer/UnityEditor.Android.Extensions.dll
Register platform support module: C:/Program Files/Unity/Hub/Editor/2022.3.19f1/Editor/Data/PlaybackEngines/iOSSupport/UnityEditor.iOS.Extensions.dll
Register platform support module: C:/Program Files/Unity/Hub/Editor/2022.3.19f1/Editor/Data/PlaybackEngines/WindowsStandaloneSupport/UnityEditor.WindowsStandalone.Extensions.dll
Registered in 0.009378 seconds.
- Loaded All Assemblies, in  0.440 seconds
Native extension for WindowsStandalone target not found
[usbmuxd] Start listen thread
[usbmuxd] Listen thread started
Native extension for iOS target not found
Native extension for Android target not found
Android Extension - Scanning For ADB Devices 276 ms
Mono: successfully reloaded assembly
- Finished resetting the current domain, in  0.681 seconds
Domain Reload Profiling: 1121ms
	BeginReloadAssembly (137ms)
		ExecutionOrderSort (0ms)
		DisableScriptedObjects (0ms)
		BackupInstance (0ms)
		ReleaseScriptingObjects (0ms)
		CreateAndSetChildDomain (3ms)
	RebuildCommonClasses (43ms)
	RebuildNativeTypeToScriptingClass (13ms)
	initialDomainReloadingComplete (65ms)
	LoadAllAssembliesAndSetupDomain (181ms)
		LoadAssemblies (135ms)
		RebuildTransferFunctionScriptingTraits (0ms)
		AnalyzeDomain (179ms)
			TypeCache.Refresh (177ms)
				TypeCache.ScanAssembly (161ms)
			ScanForSourceGeneratedMonoScriptInfo (0ms)
			ResolveRequiredComponents (1ms)
	FinalizeReload (681ms)
		ReleaseScriptCaches (0ms)
		RebuildScriptCaches (0ms)
		SetupLoadedEditorAssemblies (606ms)
			LogAssemblyErrors (0ms)
			InitializePlatformSupportModulesInManaged (415ms)
			SetLoadedEditorAssemblies (4ms)
			RefreshPlugins (0ms)
			BeforeProcessingInitializeOnLoad (3ms)
			ProcessInitializeOnLoadAttributes (132ms)
			ProcessInitializeOnLoadMethodAttributes (52ms)
			AfterProcessingInitializeOnLoad (0ms)
			EditorAssembliesLoaded (0ms)
		ExecutionOrderSort2 (0ms)
		AwakeInstancesAfterBackupRestoration (0ms)
========================================================================
Worker process is ready to serve import requests
Begin MonoManager ReloadAssembly
- Loaded All Assemblies, in  0.458 seconds
Refreshing native plugins compatible for Editor in 0.66 ms, found 0 plugins.
Native extension for WindowsStandalone target not found
Native extension for iOS target not found
Native extension for Android target not found
Mono: successfully reloaded assembly
- Finished resetting the current domain, in  0.466 seconds
Domain Reload Profiling: 924ms
	BeginReloadAssembly (176ms)
		ExecutionOrderSort (0ms)
		DisableScriptedObjects (7ms)
		BackupInstance (0ms)
		ReleaseScriptingObjects (0ms)
		CreateAndSetChildDomain (21ms)
	RebuildCommonClasses (39ms)
	RebuildNativeTypeToScriptingClass (13ms)
	initialDomainReloadingComplete (42ms)
	LoadAllAssembliesAndSetupDomain (188ms)
		LoadAssemblies (236ms)
		RebuildTransferFunctionScriptingTraits (0ms)
		AnalyzeDomain (58ms)
			TypeCache.Refresh (47ms)
				TypeCache.ScanAssembly (36ms)
			ScanForSourceGeneratedMonoScriptInfo (8ms)
			ResolveRequiredComponents (3ms)
	FinalizeReload (467ms)
		ReleaseScriptCaches (0ms)
		RebuildScriptCaches (0ms)
		SetupLoadedEditorAssemblies (307ms)
			LogAssemblyErrors (0ms)
			InitializePlatformSupportModulesInManaged (39ms)
			SetLoadedEditorAssemblies (3ms)
			RefreshPlugins (0ms)
			BeforeProcessingInitializeOnLoad (45ms)
			ProcessInitializeOnLoadAttributes (179ms)
			ProcessInitializeOnLoadMethodAttributes (36ms)
			AfterProcessingInitializeOnLoad (5ms)
			EditorAssembliesLoaded (0ms)
		ExecutionOrderSort2 (0ms)
		AwakeInstancesAfterBackupRestoration (8ms)
Launched and connected shader compiler UnityShaderCompiler.exe after 0.04 seconds
Refreshing native plugins compatible for Editor in 0.72 ms, found 0 plugins.
Preloading 0 native plugins for Editor in 0.00 ms.
Unloading 1125 Unused Serialized files (Serialized files now loaded: 0)
Unloading 20 unused Assets / (52.8 KB). Loaded Objects now: 1606.
Memory consumption went from 82.6 MB to 82.5 MB.
Total: 3.110600 ms (FindLiveObjects: 0.213800 ms CreateObjectMapping: 0.044600 ms MarkObjects: 2.770000 ms  DeleteObjects: 0.080900 ms)

AssetImportParameters requested are different than current active one (requested -> active):
  custom:video-encoder-webm-vp8: eb34c28f22e8b96e1ab97ce403110664 -> 
  custom:video-decoder-webm-vp8: 9c59270c3fd7afecdb556c50c9e8de78 -> 
  custom:audio-decoder-ogg-vorbis: bf7c407c2cedff20999df2af8eb42d56 -> 
  custom:SearchIndexIgnoredProperties: e643bd26f0fe6173181afceb89e7c659 -> 
  custom:container-demuxer-ogg: 62fdf1f143b41e24485cea50d1cbac27 -> 
  custom:AudioImporter_EditorPlatform: d09bf68614088b80899f8185d706f6e7 -> 
  custom:CustomObjectIndexerAttribute: 6d391050e5a25f67b0a2c618074f2cd9 -> 
  custom:container-demuxer-webm: 4f35f7cbe854078d1ac9338744f61a02 -> 
  custom:video-decoder-ogg-theora: a1e56fd34408186e4bbccfd4996cb3dc -> 
  custom:audio-encoder-webm-vorbis: bf7c407c2cedff20999df2af8eb42d56 -> 
  custom:framework-win-MediaFoundation: 216162199b28c13a410421893ffa2e32 -> 
  custom:container-muxer-webm: aa71ff27fc2769a1b78a27578f13a17b -> 
========================================================================
Received Import Request.
  Time since last request: 1200.005609 seconds.
  path: Assets/fonts/Commodore-64-v6.3.TTF
  artifactKey: Guid(e6a47465bd254e046a2c58ddc4700f35) Importer(815301076,1909f56bfc062723c751e8b465ee728b)
Start importing Assets/fonts/Commodore-64-v6.3.TTF using Guid(e6a47465bd254e046a2c58ddc4700f35) Importer(815301076,1909f56bfc062723c751e8b465ee728b)  -> (artifact id: 'ae65c69a6a5870808d5e5652304b9145') in 0.094686 seconds
Number of updated asset objects reloaded before import = 0
Number of asset objects unloaded after import = 4
========================================================================
Received Import Request.
  Time since last request: 1.284229 seconds.
  path: Assets/Material/Spark.mat
  artifactKey: Guid(e990a45ef7d77374cbce8b35437cac27) Importer(815301076,1909f56bfc062723c751e8b465ee728b)
Start importing Assets/Material/Spark.mat using Guid(e990a45ef7d77374cbce8b35437cac27) Importer(815301076,1909f56bfc062723c751e8b465ee728b)  -> (artifact id: '9ab24328a8cb73cbf42bca624c71b48c') in 0.012297 seconds
Number of updated asset objects reloaded before import = 0
Number of asset objects unloaded after import = 1
========================================================================
Received Import Request.
  Time since last request: 25.759748 seconds.
  path: Assets/Sprites/images.png
  artifactKey: Guid(dff52db855949e243a7e8aac5109d644) Importer(815301076,1909f56bfc062723c751e8b465ee728b)
Start importing Assets/Sprites/images.png using Guid(dff52db855949e243a7e8aac5109d644) Importer(815301076,1909f56bfc062723c751e8b465ee728b)  -> (artifact id: '7f9e00d51a5a265d82c5c7b7603c7ac4') in 0.043176 seconds
Number of updated asset objects reloaded before import = 0
Number of asset objects unloaded after import = 3
========================================================================
Received Import Request.
  Time since last request: 0.000017 seconds.
  path: Assets/Sprites/ufySKE5.png
  artifactKey: Guid(8b170dad34b0a544dae4739e0e3b3ba0) Importer(815301076,1909f56bfc062723c751e8b465ee728b)
Start importing Assets/Sprites/ufySKE5.png using Guid(8b170dad34b0a544dae4739e0e3b3ba0) Importer(815301076,1909f56bfc062723c751e8b465ee728b)  -> (artifact id: 'b16ebe7405db3d7c897c4a197bc7d2f3') in 0.027210 seconds
Number of updated asset objects reloaded before import = 0
Number of asset objects unloaded after import = 3
========================================================================
Received Import Request.
  Time since last request: 0.000016 seconds.
  path: Assets/Sprites/plate.psd
  artifactKey: Guid(696f15fe7c4f888478f5f3b1c13ab8c1) Importer(815301076,1909f56bfc062723c751e8b465ee728b)
Start importing Assets/Sprites/plate.psd using Guid(696f15fe7c4f888478f5f3b1c13ab8c1) Importer(815301076,1909f56bfc062723c751e8b465ee728b)  -> (artifact id: 'f27d42a8a14e78a8b5a2fead0f2a103a') in 0.103727 seconds
Number of updated asset objects reloaded before import = 0
Number of asset objects unloaded after import = 3
========================================================================
Received Import Request.
  Time since last request: 0.000016 seconds.
  path: Assets/Sprites/zerox4sheet.gif
  artifactKey: Guid(3ec7b4fe10d22cd4fbd7f9402c000a07) Importer(815301076,1909f56bfc062723c751e8b465ee728b)
Start importing Assets/Sprites/zerox4sheet.gif using Guid(3ec7b4fe10d22cd4fbd7f9402c000a07) Importer(815301076,1909f56bfc062723c751e8b465ee728b)  -> (artifact id: 'c5b4d0f5a3296658f3a2904bb8d0b382') in 0.549535 seconds
Number of updated asset objects reloaded before import = 0
Number of asset objects unloaded after import = 197
========================================================================
Received Import Request.
  Time since last request: 9.242701 seconds.
  path: Assets/Pack 01 (Pixel Art)/PNG/Baril 2.png
  artifactKey: Guid(a2346b793541fbd499895b31d56a973d) Importer(815301076,1909f56bfc062723c751e8b465ee728b)
Start importing Assets/Pack 01 (Pixel Art)/PNG/Baril 2.png using Guid(a2346b793541fbd499895b31d56a973d) Importer(815301076,1909f56bfc062723c751e8b465ee728b)  -> (artifact id: '2c8b44e4a5a978f6ab4849be74b6eeb5') in 0.032009 seconds
Number of updated asset objects reloaded before import = 0
Number of asset objects unloaded after import = 3
========================================================================
Received Import Request.
  Time since last request: 0.000439 seconds.
  path: Assets/Pack 01 (Pixel Art)/PNG/Floor 3.png
  artifactKey: Guid(ea6223469c2006346aaa6eeb7cd00c6b) Importer(815301076,1909f56bfc062723c751e8b465ee728b)
Start importing Assets/Pack 01 (Pixel Art)/PNG/Floor 3.png using Guid(ea6223469c2006346aaa6eeb7cd00c6b) Importer(815301076,1909f56bfc062723c751e8b465ee728b)  -> (artifact id: 'c21532d3eed2e19483644a389398a84b') in 0.038576 seconds
Number of updated asset objects reloaded before import = 0
Number of asset objects unloaded after import = 3
========================================================================
Received Import Request.
  Time since last request: 0.000043 seconds.
  path: Assets/Pack 01 (Pixel Art)/PNG/Biorganic device copie.png
  artifactKey: Guid(821d94540b9e44c4d956e61fd1a6aa7d) Importer(815301076,1909f56bfc062723c751e8b465ee728b)
Start importing Assets/Pack 01 (Pixel Art)/PNG/Biorganic device copie.png using Guid(821d94540b9e44c4d956e61fd1a6aa7d) Importer(815301076,1909f56bfc062723c751e8b465ee728b)  -> (artifact id: '7002a20376d9831e53f78a33139c4f15') in 0.049283 seconds
Number of updated asset objects reloaded before import = 0
Number of asset objects unloaded after import = 3
========================================================================
Received Import Request.
  Time since last request: 0.000018 seconds.
  path: Assets/Pack 01 (Pixel Art)/PNG/Chunk10.png
  artifactKey: Guid(d05f33ae5884e3d4684445063fc7c2d3) Importer(815301076,1909f56bfc062723c751e8b465ee728b)
Start importing Assets/Pack 01 (Pixel Art)/PNG/Chunk10.png using Guid(d05f33ae5884e3d4684445063fc7c2d3) Importer(815301076,1909f56bfc062723c751e8b465ee728b)  -> (artifact id: '36495234fefb870bf091651849dff72b') in 0.097112 seconds
Number of updated asset objects reloaded before import = 0
Number of asset objects unloaded after import = 3
========================================================================
Received Import Request.
  Time since last request: 0.000023 seconds.
  path: Assets/Pack 01 (Pixel Art)/PNG/Chunk7.png
  artifactKey: Guid(62052c3b81a26174aaf6d39cee5ef844) Importer(815301076,1909f56bfc062723c751e8b465ee728b)
Start importing Assets/Pack 01 (Pixel Art)/PNG/Chunk7.png using Guid(62052c3b81a26174aaf6d39cee5ef844) Importer(815301076,1909f56bfc062723c751e8b465ee728b)  -> (artifact id: '9f802a159125c048ccc3291cd309ab98') in 0.035314 seconds
Number of updated asset objects reloaded before import = 0
Number of asset objects unloaded after import = 3
========================================================================
Received Import Request.
  Time since last request: 0.000014 seconds.
  path: Assets/Pack 01 (Pixel Art)/PNG/Calque 18 copie 3.asset
  artifactKey: Guid(6db53b72868baca419e40b25034dd87b) Importer(815301076,1909f56bfc062723c751e8b465ee728b)
Start importing Assets/Pack 01 (Pixel Art)/PNG/Calque 18 copie 3.asset using Guid(6db53b72868baca419e40b25034dd87b) Importer(815301076,1909f56bfc062723c751e8b465ee728b)  -> (artifact id: '67829e75d5fcafe67dbd4baf49677e16') in 0.019994 seconds
Number of updated asset objects reloaded before import = 0
Number of asset objects unloaded after import = 3
========================================================================
Received Import Request.
  Time since last request: 0.000016 seconds.
  path: Assets/Pack 01 (Pixel Art)/PNG/Chunk8.png
  artifactKey: Guid(82b66ed98bb59634dac37d94b4983f6c) Importer(815301076,1909f56bfc062723c751e8b465ee728b)
Start importing Assets/Pack 01 (Pixel Art)/PNG/Chunk8.png using Guid(82b66ed98bb59634dac37d94b4983f6c) Importer(815301076,1909f56bfc062723c751e8b465ee728b)  -> (artifact id: '60c72a51fc0f263270cf77ceecaaf773') in 0.104403 seconds
Number of updated asset objects reloaded before import = 0
Number of asset objects unloaded after import = 3
========================================================================
Received Import Request.
  Time since last request: 0.000263 seconds.
  path: Assets/Pack 01 (Pixel Art)/PNG/Desk Lamp 2.png
  artifactKey: Guid(6e3d3a4a64c68d744af8f2ccd0f2d64e) Importer(815301076,1909f56bfc062723c751e8b465ee728b)
Start importing Assets/Pack 01 (Pixel Art)/PNG/Desk Lamp 2.png using Guid(6e3d3a4a64c68d744af8f2ccd0f2d64e) Importer(815301076,1909f56bfc062723c751e8b465ee728b)  -> (artifact id: 'b3d48535376d72bcecb3522161d67f59') in 0.019079 seconds
Number of updated asset objects reloaded before import = 0
Number of asset objects unloaded after import = 3
========================================================================
Received Import Request.
  Time since last request: 0.000018 seconds.
  path: Assets/Pack 01 (Pixel Art)/PNG/Character 3.png
  artifactKey: Guid(49965547bf91f3f47bc88164831a1896) Importer(815301076,1909f56bfc062723c751e8b465ee728b)
Start importing Assets/Pack 01 (Pixel Art)/PNG/Character 3.png using Guid(49965547bf91f3f47bc88164831a1896) Importer(815301076,1909f56bfc062723c751e8b465ee728b)  -> (artifact id: '5b2b505d703890f97163d44c440d7f53') in 0.017615 seconds
Number of updated asset objects reloaded before import = 0
Number of asset objects unloaded after import = 3
========================================================================
Received Import Request.
  Time since last request: 0.000017 seconds.
  path: Assets/Pack 01 (Pixel Art)/PNG/Doors 2.png
  artifactKey: Guid(59d3306839c844148bad24ded32c5357) Importer(815301076,1909f56bfc062723c751e8b465ee728b)
Start importing Assets/Pack 01 (Pixel Art)/PNG/Doors 2.png using Guid(59d3306839c844148bad24ded32c5357) Importer(815301076,1909f56bfc062723c751e8b465ee728b)  -> (artifact id: 'af0ca1da28ad72a14e248a980d2f385c') in 0.019304 seconds
Number of updated asset objects reloaded before import = 0
Number of asset objects unloaded after import = 3
========================================================================
Received Import Request.
  Time since last request: 0.000020 seconds.
  path: Assets/Pack 01 (Pixel Art)/PNG/Chunk1.png
  artifactKey: Guid(9c1b9894bf947474d8997b7166473c7a) Importer(815301076,1909f56bfc062723c751e8b465ee728b)
Start importing Assets/Pack 01 (Pixel Art)/PNG/Chunk1.png using Guid(9c1b9894bf947474d8997b7166473c7a) Importer(815301076,1909f56bfc062723c751e8b465ee728b)  -> (artifact id: 'ba1b0d50b37b065a43bfdb173c8a05f6') in 0.018134 seconds
Number of updated asset objects reloaded before import = 0
Number of asset objects unloaded after import = 3
========================================================================
Received Import Request.
  Time since last request: 0.000025 seconds.
  path: Assets/Pack 01 (Pixel Art)/PNG/Enter 1.png
  artifactKey: Guid(34a77fef93fdd684296bc482d9a2591b) Importer(815301076,1909f56bfc062723c751e8b465ee728b)
Start importing Assets/Pack 01 (Pixel Art)/PNG/Enter 1.png using Guid(34a77fef93fdd684296bc482d9a2591b) Importer(815301076,1909f56bfc062723c751e8b465ee728b)  -> (artifact id: 'c0ead1b565b8fa0483a070082e63558e') in 0.034016 seconds
Number of updated asset objects reloaded before import = 0
Number of asset objects unloaded after import = 3
========================================================================
Received Import Request.
  Time since last request: 0.000579 seconds.
  path: Assets/Pack 01 (Pixel Art)/PNG/Computer station 2.png
  artifactKey: Guid(c33b0d999d5f7ec439b5ef8dd2a11177) Importer(815301076,1909f56bfc062723c751e8b465ee728b)
Start importing Assets/Pack 01 (Pixel Art)/PNG/Computer station 2.png using Guid(c33b0d999d5f7ec439b5ef8dd2a11177) Importer(815301076,1909f56bfc062723c751e8b465ee728b)  -> (artifact id: '71182a1708aac0f52b4031bd5cec0906') in 0.019999 seconds
Number of updated asset objects reloaded before import = 0
Number of asset objects unloaded after import = 3
========================================================================
Received Import Request.
  Time since last request: 0.000018 seconds.
  path: Assets/Pack 01 (Pixel Art)/PNG/Bloody bed.png
  artifactKey: Guid(7a33d707bf2f54b4199a005b7b12a700) Importer(815301076,1909f56bfc062723c751e8b465ee728b)
Start importing Assets/Pack 01 (Pixel Art)/PNG/Bloody bed.png using Guid(7a33d707bf2f54b4199a005b7b12a700) Importer(815301076,1909f56bfc062723c751e8b465ee728b)  -> (artifact id: 'f4e28c34dafade1d5e380f2aff810618') in 0.019104 seconds
Number of updated asset objects reloaded before import = 0
Number of asset objects unloaded after import = 3
========================================================================
Received Import Request.
  Time since last request: 0.000017 seconds.
  path: Assets/Pack 01 (Pixel Art)/PNG/Character 1.png
  artifactKey: Guid(1629de11c1d5f764c969819738bd045f) Importer(815301076,1909f56bfc062723c751e8b465ee728b)
Start importing Assets/Pack 01 (Pixel Art)/PNG/Character 1.png using Guid(1629de11c1d5f764c969819738bd045f) Importer(815301076,1909f56bfc062723c751e8b465ee728b)  -> (artifact id: '12a4c64be7ea632665d90057f82d6d54') in 0.019326 seconds
Number of updated asset objects reloaded before import = 0
Number of asset objects unloaded after import = 3
========================================================================
Received Import Request.
  Time since last request: 0.000019 seconds.
  path: Assets/Pack 01 (Pixel Art)/PNG/Gun 1.png
  artifactKey: Guid(6a241e7dadafb1341a2e7d04d557e90d) Importer(815301076,1909f56bfc062723c751e8b465ee728b)
Start importing Assets/Pack 01 (Pixel Art)/PNG/Gun 1.png using Guid(6a241e7dadafb1341a2e7d04d557e90d) Importer(815301076,1909f56bfc062723c751e8b465ee728b)  -> (artifact id: '21027bffa76f51f01868566601078bdf') in 0.020406 seconds
Number of updated asset objects reloaded before import = 0
Number of asset objects unloaded after import = 3
========================================================================
Received Import Request.
  Time since last request: 0.000021 seconds.
  path: Assets/Pack 01 (Pixel Art)/PNG/Electric wall.asset
  artifactKey: Guid(3e95e03e57cbf664aab46f891be6a570) Importer(815301076,1909f56bfc062723c751e8b465ee728b)
Start importing Assets/Pack 01 (Pixel Art)/PNG/Electric wall.asset using Guid(3e95e03e57cbf664aab46f891be6a570) Importer(815301076,1909f56bfc062723c751e8b465ee728b)  -> (artifact id: 'cf71db299dc166bd03cbcf4347c18f08') in 0.015290 seconds
Number of updated asset objects reloaded before import = 0
Number of asset objects unloaded after import = 3
========================================================================
Received Import Request.
  Time since last request: 0.000018 seconds.
  path: Assets/Pack 01 (Pixel Art)/PNG/Chunk2.png
  artifactKey: Guid(e58bd0463853a854ebab23b356af557e) Importer(815301076,1909f56bfc062723c751e8b465ee728b)
Start importing Assets/Pack 01 (Pixel Art)/PNG/Chunk2.png using Guid(e58bd0463853a854ebab23b356af557e) Importer(815301076,1909f56bfc062723c751e8b465ee728b)  -> (artifact id: '99a3c4e5db35b37098753a7d9c92e4fa') in 0.016163 seconds
Number of updated asset objects reloaded before import = 0
Number of asset objects unloaded after import = 3
========================================================================
Received Import Request.
  Time since last request: 0.529995 seconds.
  path: Assets/Pack 01 (Pixel Art)/PNG/Metal wall 1.png
  artifactKey: Guid(c90dbe3a19065dd4794c1656b92363c2) Importer(815301076,1909f56bfc062723c751e8b465ee728b)
Start importing Assets/Pack 01 (Pixel Art)/PNG/Metal wall 1.png using Guid(c90dbe3a19065dd4794c1656b92363c2) Importer(815301076,1909f56bfc062723c751e8b465ee728b)  -> (artifact id: '80f37f5db215df08e80294dcd32816f9') in 0.023373 seconds
Number of updated asset objects reloaded before import = 0
Number of asset objects unloaded after import = 3
========================================================================
Received Import Request.
  Time since last request: 0.001063 seconds.
  path: Assets/Pack 01 (Pixel Art)/PNG/Open Door 2.png
  artifactKey: Guid(1067dcb8858d9b3458ac5b4284185c8f) Importer(815301076,1909f56bfc062723c751e8b465ee728b)
Start importing Assets/Pack 01 (Pixel Art)/PNG/Open Door 2.png using Guid(1067dcb8858d9b3458ac5b4284185c8f) Importer(815301076,1909f56bfc062723c751e8b465ee728b)  -> (artifact id: 'bdcf1de3e95130ec6d437e84769c55a1') in 0.022726 seconds
Number of updated asset objects reloaded before import = 0
Number of asset objects unloaded after import = 3
========================================================================
Received Import Request.
  Time since last request: 0.000016 seconds.
  path: Assets/Pack 01 (Pixel Art)/PNG/Pillars.png
  artifactKey: Guid(877aefa4d43e84a40be31122b64597b4) Importer(815301076,1909f56bfc062723c751e8b465ee728b)
Start importing Assets/Pack 01 (Pixel Art)/PNG/Pillars.png using Guid(877aefa4d43e84a40be31122b64597b4) Importer(815301076,1909f56bfc062723c751e8b465ee728b)  -> (artifact id: 'c4a68876981a5aa3d3aca0e70560e165') in 0.018181 seconds
Number of updated asset objects reloaded before import = 0
Number of asset objects unloaded after import = 3
========================================================================
Received Import Request.
  Time since last request: 0.000021 seconds.
  path: Assets/Pack 01 (Pixel Art)/PNG/Props 1.png
  artifactKey: Guid(207891c1a031a6a4b9325f196ed980b7) Importer(815301076,1909f56bfc062723c751e8b465ee728b)
Start importing Assets/Pack 01 (Pixel Art)/PNG/Props 1.png using Guid(207891c1a031a6a4b9325f196ed980b7) Importer(815301076,1909f56bfc062723c751e8b465ee728b)  -> (artifact id: '26e47a9b942dfa1e5188ac9cbe410d3c') in 0.017863 seconds
Number of updated asset objects reloaded before import = 0
Number of asset objects unloaded after import = 3
========================================================================
Received Import Request.
  Time since last request: 0.000018 seconds.
  path: Assets/Pack 01 (Pixel Art)/PNG/Random Device 3.png
  artifactKey: Guid(c0fd94f95810dac4fa2194e0b29ec0d4) Importer(815301076,1909f56bfc062723c751e8b465ee728b)
Start importing Assets/Pack 01 (Pixel Art)/PNG/Random Device 3.png using Guid(c0fd94f95810dac4fa2194e0b29ec0d4) Importer(815301076,1909f56bfc062723c751e8b465ee728b)  -> (artifact id: '5abd3e9028d87c427af3bc359154553f') in 0.017618 seconds
Number of updated asset objects reloaded before import = 0
Number of asset objects unloaded after import = 3
========================================================================
Received Import Request.
  Time since last request: 0.000276 seconds.
  path: Assets/Pack 01 (Pixel Art)/PNG/Stairs.png
  artifactKey: Guid(b8bd4dd8c25dd264a834442d52a1b253) Importer(815301076,1909f56bfc062723c751e8b465ee728b)
Start importing Assets/Pack 01 (Pixel Art)/PNG/Stairs.png using Guid(b8bd4dd8c25dd264a834442d52a1b253) Importer(815301076,1909f56bfc062723c751e8b465ee728b)  -> (artifact id: '9f093a52dcb7cc2dbd6cf9c8f1cf0191') in 0.020095 seconds
Number of updated asset objects reloaded before import = 0
Number of asset objects unloaded after import = 3
========================================================================
Received Import Request.
  Time since last request: 0.000017 seconds.
  path: Assets/Pack 01 (Pixel Art)/PNG/Sticker 2.png
  artifactKey: Guid(e57ec1ad630c2ad4998fd81d50ed2a71) Importer(815301076,1909f56bfc062723c751e8b465ee728b)
Start importing Assets/Pack 01 (Pixel Art)/PNG/Sticker 2.png using Guid(e57ec1ad630c2ad4998fd81d50ed2a71) Importer(815301076,1909f56bfc062723c751e8b465ee728b)  -> (artifact id: '9b892480748d79f5abf245564e914370') in 0.018007 seconds
Number of updated asset objects reloaded before import = 0
Number of asset objects unloaded after import = 3
========================================================================
Received Import Request.
  Time since last request: 0.000015 seconds.
  path: Assets/Pack 01 (Pixel Art)/PNG/Small machine 3-1.png
  artifactKey: Guid(236ce5bee73a025439defeca12b7280d) Importer(815301076,1909f56bfc062723c751e8b465ee728b)
Start importing Assets/Pack 01 (Pixel Art)/PNG/Small machine 3-1.png using Guid(236ce5bee73a025439defeca12b7280d) Importer(815301076,1909f56bfc062723c751e8b465ee728b)  -> (artifact id: '6604e9236a5577f7c10fe9f7b70d48af') in 0.016765 seconds
Number of updated asset objects reloaded before import = 0
Number of asset objects unloaded after import = 3
========================================================================
Received Import Request.
  Time since last request: 0.000022 seconds.
  path: Assets/Pack 01 (Pixel Art)/PNG/Semi-wall 1.png
  artifactKey: Guid(6617768432486a044aceb30467d4e194) Importer(815301076,1909f56bfc062723c751e8b465ee728b)
Start importing Assets/Pack 01 (Pixel Art)/PNG/Semi-wall 1.png using Guid(6617768432486a044aceb30467d4e194) Importer(815301076,1909f56bfc062723c751e8b465ee728b)  -> (artifact id: 'ed5d3b6070948796381bcac0c3207e5f') in 0.017428 seconds
Number of updated asset objects reloaded before import = 0
Number of asset objects unloaded after import = 3
========================================================================
Received Import Request.
  Time since last request: 0.000197 seconds.
  path: Assets/Pack 01 (Pixel Art)/PNG/Separation 1.png
  artifactKey: Guid(95d31e2f52117c249a28c01a9ed13445) Importer(815301076,1909f56bfc062723c751e8b465ee728b)
Start importing Assets/Pack 01 (Pixel Art)/PNG/Separation 1.png using Guid(95d31e2f52117c249a28c01a9ed13445) Importer(815301076,1909f56bfc062723c751e8b465ee728b)  -> (artifact id: '7d75a32f315182a806271d979a620698') in 0.022117 seconds
Number of updated asset objects reloaded before import = 0
Number of asset objects unloaded after import = 3
========================================================================
Received Import Request.
  Time since last request: 0.701639 seconds.
  path: Assets/Pack 01 (Pixel Art)/PNG/Wall 4 Light.png
  artifactKey: Guid(8d3924802c03c444ea5427c36180621e) Importer(815301076,1909f56bfc062723c751e8b465ee728b)
Start importing Assets/Pack 01 (Pixel Art)/PNG/Wall 4 Light.png using Guid(8d3924802c03c444ea5427c36180621e) Importer(815301076,1909f56bfc062723c751e8b465ee728b)  -> (artifact id: 'e030627ecfcdd447bdb2efa47521f057') in 0.021306 seconds
Number of updated asset objects reloaded before import = 0
Number of asset objects unloaded after import = 3
========================================================================
Received Import Request.
  Time since last request: 0.000017 seconds.
  path: Assets/Pack 01 (Pixel Art)/PNG/Wall device.png
  artifactKey: Guid(2a2adaee00e11c84b8fb68af89677354) Importer(815301076,1909f56bfc062723c751e8b465ee728b)
Start importing Assets/Pack 01 (Pixel Art)/PNG/Wall device.png using Guid(2a2adaee00e11c84b8fb68af89677354) Importer(815301076,1909f56bfc062723c751e8b465ee728b)  -> (artifact id: '4ee7577729b92f5ff2db557d3521d82e') in 0.018149 seconds
Number of updated asset objects reloaded before import = 0
Number of asset objects unloaded after import = 3
========================================================================
Received Import Request.
  Time since last request: 0.000019 seconds.
  path: Assets/Pack 01 (Pixel Art)/PNG/Wall 7.png
  artifactKey: Guid(208fe2108fb9c4247b33044fdac99fa4) Importer(815301076,1909f56bfc062723c751e8b465ee728b)
Start importing Assets/Pack 01 (Pixel Art)/PNG/Wall 7.png using Guid(208fe2108fb9c4247b33044fdac99fa4) Importer(815301076,1909f56bfc062723c751e8b465ee728b)  -> (artifact id: 'ac376edd1c18345e09e8d745d03be1f0') in 0.017819 seconds
Number of updated asset objects reloaded before import = 0
Number of asset objects unloaded after import = 3
========================================================================
Received Import Request.
  Time since last request: 0.000246 seconds.
  path: Assets/Pack 01 (Pixel Art)/PNG/Window 1.png
  artifactKey: Guid(566aea808859a8d4eb39fa2ad3fddb68) Importer(815301076,1909f56bfc062723c751e8b465ee728b)
Start importing Assets/Pack 01 (Pixel Art)/PNG/Window 1.png using Guid(566aea808859a8d4eb39fa2ad3fddb68) Importer(815301076,1909f56bfc062723c751e8b465ee728b)  -> (artifact id: 'e29d22a9f251374792ff2590c6097b60') in 0.018178 seconds
Number of updated asset objects reloaded before import = 0
Number of asset objects unloaded after import = 3
========================================================================
Received Import Request.
  Time since last request: 0.000020 seconds.
  path: Assets/Pack 01 (Pixel Art)/PNG/Window 2.png
  artifactKey: Guid(8d28293cd29f7f344aba12ce366034a3) Importer(815301076,1909f56bfc062723c751e8b465ee728b)
Start importing Assets/Pack 01 (Pixel Art)/PNG/Window 2.png using Guid(8d28293cd29f7f344aba12ce366034a3) Importer(815301076,1909f56bfc062723c751e8b465ee728b)  -> (artifact id: '10c15dffc5784f5209b2a3ab5117ef75') in 0.020424 seconds
Number of updated asset objects reloaded before import = 0
Number of asset objects unloaded after import = 3
========================================================================
Received Import Request.
  Time since last request: 6.653401 seconds.
  path: Assets/Sprites/Materials/ufySKE5.mat
  artifactKey: Guid(c10794022a0db6a4db394f90a12829b8) Importer(815301076,1909f56bfc062723c751e8b465ee728b)
Start importing Assets/Sprites/Materials/ufySKE5.mat using Guid(c10794022a0db6a4db394f90a12829b8) Importer(815301076,1909f56bfc062723c751e8b465ee728b)  -> (artifact id: 'd293591e2fe95d34cc97ff0a7d18c471') in 0.029228 seconds
Number of updated asset objects reloaded before import = 0
Number of asset objects unloaded after import = 2
========================================================================
Received Prepare
Begin MonoManager ReloadAssembly
- Loaded All Assemblies, in  0.377 seconds
Refreshing native plugins compatible for Editor in 0.69 ms, found 0 plugins.
Native extension for WindowsStandalone target not found
Native extension for iOS target not found
Native extension for Android target not found
Mono: successfully reloaded assembly
- Finished resetting the current domain, in  0.824 seconds
Domain Reload Profiling: 1200ms
	BeginReloadAssembly (143ms)
		ExecutionOrderSort (0ms)
		DisableScriptedObjects (6ms)
		BackupInstance (0ms)
		ReleaseScriptingObjects (0ms)
		CreateAndSetChildDomain (23ms)
	RebuildCommonClasses (41ms)
	RebuildNativeTypeToScriptingClass (13ms)
	initialDomainReloadingComplete (28ms)
	LoadAllAssembliesAndSetupDomain (151ms)
		LoadAssemblies (226ms)
		RebuildTransferFunctionScriptingTraits (0ms)
		AnalyzeDomain (9ms)
			TypeCache.Refresh (4ms)
				TypeCache.ScanAssembly (0ms)
			ScanForSourceGeneratedMonoScriptInfo (0ms)
			ResolveRequiredComponents (3ms)
	FinalizeReload (825ms)
		ReleaseScriptCaches (0ms)
		RebuildScriptCaches (0ms)
		SetupLoadedEditorAssemblies (403ms)
			LogAssemblyErrors (0ms)
			InitializePlatformSupportModulesInManaged (43ms)
			SetLoadedEditorAssemblies (4ms)
			RefreshPlugins (0ms)
			BeforeProcessingInitializeOnLoad (54ms)
			ProcessInitializeOnLoadAttributes (251ms)
			ProcessInitializeOnLoadMethodAttributes (45ms)
			AfterProcessingInitializeOnLoad (6ms)
			EditorAssembliesLoaded (0ms)
		ExecutionOrderSort2 (0ms)
		AwakeInstancesAfterBackupRestoration (10ms)
Refreshing native plugins compatible for Editor in 0.75 ms, found 0 plugins.
Preloading 0 native plugins for Editor in 0.00 ms.
Unloading 1117 Unused Serialized files (Serialized files now loaded: 0)
Unloading 10 unused Assets / (24.4 KB). Loaded Objects now: 1918.
Memory consumption went from 83.9 MB to 83.9 MB.
Total: 4.111500 ms (FindLiveObjects: 0.246400 ms CreateObjectMapping: 0.054900 ms MarkObjects: 3.776100 ms  DeleteObjects: 0.032600 ms)

Prepare: number of updated asset objects reloaded= 0
AssetImportParameters requested are different than current active one (requested -> active):
  custom:video-encoder-webm-vp8: eb34c28f22e8b96e1ab97ce403110664 -> 
  custom:video-decoder-webm-vp8: 9c59270c3fd7afecdb556c50c9e8de78 -> 
  custom:audio-decoder-ogg-vorbis: bf7c407c2cedff20999df2af8eb42d56 -> 
  custom:SearchIndexIgnoredProperties: e643bd26f0fe6173181afceb89e7c659 -> 
  custom:container-demuxer-ogg: 62fdf1f143b41e24485cea50d1cbac27 -> 
  custom:AudioImporter_EditorPlatform: d09bf68614088b80899f8185d706f6e7 -> 
  custom:CustomObjectIndexerAttribute: 6d391050e5a25f67b0a2c618074f2cd9 -> 
  custom:container-demuxer-webm: 4f35f7cbe854078d1ac9338744f61a02 -> 
  custom:video-decoder-ogg-theora: a1e56fd34408186e4bbccfd4996cb3dc -> 
  custom:audio-encoder-webm-vorbis: bf7c407c2cedff20999df2af8eb42d56 -> 
  custom:framework-win-MediaFoundation: 216162199b28c13a410421893ffa2e32 -> 
  custom:container-muxer-webm: aa71ff27fc2769a1b78a27578f13a17b -> 
Editor requested this worker to shutdown with reason: Scaling down because of idle timeout
TcpMessagingSession - receive error: operation aborted. errorcode: 995, details: A operação de E/S foi anulada devido a uma saída de thread ou a uma requisição de aplicativo.
AssetImportWorker is now disconnected from the server
Process exiting
Exiting without the bug reporter. Application will terminate with return code 0